<?xml version="1.0"?>
<!DOCTYPE coverage SYSTEM "http://cobertura.sourceforge.net/xml/coverage-04.dtd">

<coverage line-rate="0.9813084112149533" branch-rate="0.8805970149253731" lines-covered="420" lines-valid="428" branches-covered="118" branches-valid="134" complexity="1.9292035398230087" version="1.9.4.1" timestamp="1332106676341">
	<sources>
		<source>--source</source>
		<source>/scratch/hudson/workspace/MoteurCsv-deploySnapshot/src/main/java</source>
	</sources>
	<packages>
		<package name="fr.ybo.moteurcsv" line-rate="0.9710982658959537" branch-rate="0.9166666666666666" complexity="3.8095238095238093">
			<classes>
				<class name="fr.ybo.moteurcsv.MoteurCsv" filename="fr/ybo/moteurcsv/MoteurCsv.java" line-rate="0.9704142011834319" branch-rate="0.9117647058823529" complexity="3.8095238095238093">
					<methods>
						<method name="&lt;clinit&gt;" signature="()V" line-rate="1.0" branch-rate="1.0">
							<lines>
								<line number="76" hits="1" branch="false"/>
							</lines>
						</method>
						<method name="&lt;init&gt;" signature="(Lfr/ybo/moteurcsv/modele/ParametresMoteur;[Ljava/lang/Class;)V" line-rate="1.0" branch-rate="1.0">
							<lines>
								<line number="81" hits="42" branch="false"/>
								<line number="146" hits="21" branch="false"/>
								<line number="147" hits="21" branch="false"/>
								<line number="148" hits="21" branch="false"/>
								<line number="149" hits="78" branch="true" condition-coverage="100 % (2/2)">
									<conditions>
										<condition number="0" type="jump" coverage="100 %"/>
									</conditions>
								</line>
								<line number="150" hits="57" branch="false"/>
								<line number="152" hits="21" branch="false"/>
							</lines>
						</method>
						<method name="&lt;init&gt;" signature="([Ljava/lang/Class;)V" line-rate="1.0" branch-rate="1.0">
							<lines>
								<line number="126" hits="21" branch="false"/>
								<line number="127" hits="21" branch="false"/>
								<line number="128" hits="21" branch="false"/>
								<line number="129" hits="48" branch="true" condition-coverage="100 % (2/2)">
									<conditions>
										<condition number="0" type="jump" coverage="100 %"/>
									</conditions>
								</line>
								<line number="130" hits="31" branch="false"/>
								<line number="132" hits="17" branch="false"/>
							</lines>
						</method>
						<method name="addMessageValidation" signature="([Ljava/lang/String;Lfr/ybo/moteurcsv/validator/ErreurValidation;Ljava/lang/String;Lfr/ybo/moteurcsv/validator/ValidateException;)Lfr/ybo/moteurcsv/validator/ErreurValidation;" line-rate="1.0" branch-rate="1.0">
							<lines>
								<line number="323" hits="27" branch="true" condition-coverage="100 % (2/2)">
									<conditions>
										<condition number="0" type="jump" coverage="100 %"/>
									</conditions>
								</line>
								<line number="324" hits="23" branch="false"/>
								<line number="326" hits="27" branch="false"/>
								<line number="327" hits="27" branch="false"/>
								<line number="328" hits="27" branch="false"/>
								<line number="329" hits="27" branch="false"/>
								<line number="330" hits="27" branch="true" condition-coverage="100 % (2/2)">
									<conditions>
										<condition number="0" type="jump" coverage="100 %"/>
									</conditions>
								</line>
								<line number="331" hits="1" branch="false"/>
								<line number="332" hits="1" branch="false"/>
								<line number="333" hits="1" branch="false"/>
								<line number="335" hits="27" branch="false"/>
								<line number="336" hits="27" branch="false"/>
							</lines>
						</method>
						<method name="closeLecteurCourant" signature="()V" line-rate="0.7142857142857143" branch-rate="1.0">
							<lines>
								<line number="400" hits="20" branch="true" condition-coverage="100 % (2/2)">
									<conditions>
										<condition number="0" type="jump" coverage="100 %"/>
									</conditions>
								</line>
								<line number="402" hits="19" branch="false"/>
								<line number="403" hits="0" branch="false"/>
								<line number="404" hits="0" branch="false"/>
								<line number="405" hits="19" branch="false"/>
								<line number="406" hits="19" branch="false"/>
								<line number="408" hits="20" branch="false"/>
							</lines>
						</method>
						<method name="construireLigne" signature="([Ljava/lang/String;)Ljava/lang/String;" line-rate="1.0" branch-rate="1.0">
							<lines>
								<line number="167" hits="23" branch="false"/>
								<line number="168" hits="23" branch="false"/>
								<line number="169" hits="69" branch="true" condition-coverage="100 % (2/2)">
									<conditions>
										<condition number="0" type="jump" coverage="100 %"/>
									</conditions>
								</line>
								<line number="170" hits="46" branch="true" condition-coverage="100 % (2/2)">
									<conditions>
										<condition number="0" type="jump" coverage="100 %"/>
									</conditions>
								</line>
								<line number="171" hits="23" branch="false"/>
								<line number="173" hits="23" branch="false"/>
								<line number="175" hits="46" branch="false"/>
								<line number="177" hits="23" branch="false"/>
							</lines>
						</method>
						<method name="construireObjet" signature="()Ljava/lang/Object;" line-rate="1.0" branch-rate="0.5">
							<lines>
								<line number="345" hits="59" branch="false"/>
								<line number="347" hits="59" branch="false"/>
								<line number="348" hits="1" branch="false"/>
								<line number="349" hits="1" branch="false"/>
								<line number="350" hits="1" branch="true" condition-coverage="50 % (1/2)">
									<conditions>
										<condition number="0" type="jump" coverage="50 %"/>
									</conditions>
								</line>
								<line number="351" hits="1" branch="false"/>
								<line number="353" hits="1" branch="false"/>
								<line number="355" hits="58" branch="false"/>
								<line number="356" hits="58" branch="false"/>
							</lines>
						</method>
						<method name="creerObjet" signature="()Ljava/lang/Object;" line-rate="1.0" branch-rate="1.0">
							<lines>
								<line number="212" hits="76" branch="true" condition-coverage="100 % (2/2)">
									<conditions>
										<condition number="0" type="jump" coverage="100 %"/>
									</conditions>
								</line>
								<line number="213" hits="1" branch="false"/>
								<line number="216" hits="75" branch="false"/>
								<line number="217" hits="74" branch="true" condition-coverage="100 % (2/2)">
									<conditions>
										<condition number="0" type="jump" coverage="100 %"/>
									</conditions>
								</line>
								<line number="218" hits="15" branch="false"/>
								<line number="220" hits="59" branch="false"/>
								<line number="221" hits="59" branch="false"/>
								<line number="222" hits="230" branch="true" condition-coverage="100 % (2/2)">
									<conditions>
										<condition number="0" type="jump" coverage="100 %"/>
									</conditions>
								</line>
								<line number="223" hits="172" branch="false"/>
								<line number="225" hits="58" branch="true" condition-coverage="100 % (2/2)">
									<conditions>
										<condition number="0" type="jump" coverage="100 %"/>
									</conditions>
								</line>
								<line number="226" hits="23" branch="false"/>
								<line number="228" hits="35" branch="false"/>
							</lines>
						</method>
						<method name="getParametres" signature="()Lfr/ybo/moteurcsv/modele/ParametresMoteur;" line-rate="1.0" branch-rate="1.0">
							<lines>
								<line number="117" hits="1" branch="false"/>
							</lines>
						</method>
						<method name="nouveauFichier" signature="(Ljava/io/Reader;Ljava/lang/Class;)V" line-rate="0.9090909090909091" branch-rate="0.75">
							<lines>
								<line number="381" hits="23" branch="false"/>
								<line number="382" hits="23" branch="true" condition-coverage="100 % (2/2)">
									<conditions>
										<condition number="0" type="jump" coverage="100 %"/>
									</conditions>
								</line>
								<line number="383" hits="1" branch="false"/>
								<line number="385" hits="22" branch="false"/>
								<line number="387" hits="21" branch="false"/>
								<line number="388" hits="1" branch="false"/>
								<line number="389" hits="1" branch="false"/>
								<line number="390" hits="20" branch="false"/>
								<line number="391" hits="20" branch="true" condition-coverage="50 % (1/2)">
									<conditions>
										<condition number="0" type="jump" coverage="50 %"/>
									</conditions>
								</line>
								<line number="392" hits="0" branch="false"/>
								<line number="394" hits="20" branch="false"/>
							</lines>
						</method>
						<method name="parseFileAndInsert" signature="(Ljava/io/Reader;Ljava/lang/Class;Lfr/ybo/moteurcsv/modele/InsertObject;)Ljava/util/List;" line-rate="1.0" branch-rate="1.0">
							<lines>
								<line number="455" hits="20" branch="false"/>
								<line number="457" hits="20" branch="false"/>
								<line number="458" hits="19" branch="false"/>
								<line number="459" hits="19" branch="false"/>
								<line number="462" hits="74" branch="false"/>
								<line number="463" hits="74" branch="false"/>
								<line number="464" hits="50" branch="true" condition-coverage="100 % (2/2)">
									<conditions>
										<condition number="0" type="jump" coverage="100 %"/>
									</conditions>
								</line>
								<line number="465" hits="35" branch="false"/>
								<line number="467" hits="23" branch="false"/>
								<line number="468" hits="23" branch="false"/>
								<line number="469" hits="23" branch="false"/>
								<line number="470" hits="23" branch="true" condition-coverage="100 % (4/4)">
									<conditions>
										<condition number="0" type="jump" coverage="100 %"/>
										<condition number="1" type="jump" coverage="100 %"/>
									</conditions>
								</line>
								<line number="472" hits="3" branch="false"/>
								<line number="474" hits="50" branch="false"/>
								<line number="475" hits="70" branch="true" condition-coverage="100 % (4/4)">
									<conditions>
										<condition number="0" type="jump" coverage="100 %"/>
										<condition number="1" type="jump" coverage="100 %"/>
									</conditions>
								</line>
								<line number="477" hits="20" branch="false"/>
								<line number="478" hits="15" branch="false"/>
								<line number="479" hits="15" branch="false"/>
							</lines>
						</method>
						<method name="parseInputStream" signature="(Ljava/io/InputStream;Ljava/lang/Class;)Lfr/ybo/moteurcsv/modele/Resultat;" line-rate="1.0" branch-rate="1.0">
							<lines>
								<line number="428" hits="20" branch="false"/>
								<line number="429" hits="20" branch="false"/>
								<line number="432" hits="15" branch="false"/>
							</lines>
						</method>
						<method name="readLine" signature="()[Ljava/lang/String;" line-rate="1.0" branch-rate="1.0">
							<lines>
								<line number="366" hits="75" branch="false"/>
								<line number="367" hits="1" branch="false"/>
								<line number="368" hits="1" branch="false"/>
							</lines>
						</method>
						<method name="remplirAttribut" signature="([Ljava/lang/String;Lfr/ybo/moteurcsv/validator/ErreurValidation;Ljava/lang/Object;ILjava/lang/String;)Lfr/ybo/moteurcsv/validator/ErreurValidation;" line-rate="1.0" branch-rate="0.75">
							<lines>
								<line number="293" hits="133" branch="false"/>
								<line number="294" hits="133" branch="false"/>
								<line number="295" hits="133" branch="true" condition-coverage="50 % (1/2)">
									<conditions>
										<condition number="0" type="jump" coverage="50 %"/>
									</conditions>
								</line>
								<line number="297" hits="133" branch="true" condition-coverage="100 % (2/2)">
									<conditions>
										<condition number="0" type="jump" coverage="100 %"/>
									</conditions>
								</line>
								<line number="298" hits="123" branch="false"/>
								<line number="300" hits="115" branch="false"/>
								<line number="301" hits="19" branch="false"/>
								<line number="302" hits="19" branch="false"/>
								<line number="303" hits="114" branch="false"/>
								<line number="305" hits="133" branch="false"/>
							</lines>
						</method>
						<method name="scannerClass" signature="(Ljava/lang/Class;)V" line-rate="1.0" branch-rate="0.875">
							<lines>
								<line number="489" hits="89" branch="false"/>
								<line number="490" hits="89" branch="true" condition-coverage="100 % (2/2)">
									<conditions>
										<condition number="0" type="jump" coverage="100 %"/>
									</conditions>
								</line>
								<line number="491" hits="1" branch="false"/>
								<line number="493" hits="88" branch="true" condition-coverage="100 % (2/2)">
									<conditions>
										<condition number="0" type="jump" coverage="100 %"/>
									</conditions>
								</line>
								<line number="494" hits="10" branch="false"/>
								<line number="496" hits="78" branch="false"/>
								<line number="497" hits="260" branch="true" condition-coverage="100 % (2/2)">
									<conditions>
										<condition number="0" type="jump" coverage="100 %"/>
									</conditions>
								</line>
								<line number="498" hits="186" branch="false"/>
								<line number="499" hits="186" branch="false"/>
								<line number="500" hits="186" branch="true" condition-coverage="50 % (1/2)">
									<conditions>
										<condition number="0" type="jump" coverage="50 %"/>
									</conditions>
								</line>
								<line number="501" hits="186" branch="false"/>
								<line number="502" hits="183" branch="false"/>
								<line number="505" hits="74" branch="false"/>
								<line number="506" hits="74" branch="false"/>
							</lines>
						</method>
						<method name="setFactory" signature="(Lfr/ybo/moteurcsv/factory/GestionnaireCsvFactory;)V" line-rate="1.0" branch-rate="1.0">
							<lines>
								<line number="105" hits="4" branch="false"/>
								<line number="106" hits="4" branch="false"/>
							</lines>
						</method>
						<method name="setValeur" signature="(Lfr/ybo/moteurcsv/modele/ChampCsv;Ljava/lang/Object;Ljava/lang/String;)V" line-rate="0.75" branch-rate="1.0">
							<lines>
								<line number="193" hits="115" branch="false"/>
								<line number="195" hits="115" branch="false"/>
								<line number="196" hits="1" branch="false"/>
								<line number="197" hits="1" branch="false"/>
								<line number="198" hits="0" branch="false"/>
								<line number="199" hits="0" branch="false"/>
								<line number="200" hits="114" branch="false"/>
								<line number="201" hits="114" branch="false"/>
							</lines>
						</method>
						<method name="traitementChamp" signature="([Ljava/lang/String;Lfr/ybo/moteurcsv/validator/ErreurValidation;Ljava/lang/Object;I)Lfr/ybo/moteurcsv/validator/ErreurValidation;" line-rate="1.0" branch-rate="0.8333333333333334">
							<lines>
								<line number="246" hits="172" branch="false"/>
								<line number="247" hits="172" branch="true" condition-coverage="75 % (3/4)">
									<conditions>
										<condition number="0" type="jump" coverage="50 %"/>
										<condition number="1" type="jump" coverage="100 %"/>
									</conditions>
								</line>
								<line number="248" hits="133" branch="false"/>
								<line number="249" hits="39" branch="true" condition-coverage="100 % (2/2)">
									<conditions>
										<condition number="0" type="jump" coverage="100 %"/>
									</conditions>
								</line>
								<line number="250" hits="35" branch="false"/>
								<line number="252" hits="172" branch="false"/>
							</lines>
						</method>
						<method name="validChampObligatoire" signature="([Ljava/lang/String;Lfr/ybo/moteurcsv/validator/ErreurValidation;I)Lfr/ybo/moteurcsv/validator/ErreurValidation;" line-rate="1.0" branch-rate="0.75">
							<lines>
								<line number="267" hits="35" branch="false"/>
								<line number="268" hits="35" branch="true" condition-coverage="75 % (3/4)">
									<conditions>
										<condition number="0" type="jump" coverage="50 %"/>
										<condition number="1" type="jump" coverage="100 %"/>
									</conditions>
								</line>
								<line number="269" hits="8" branch="false"/>
								<line number="273" hits="35" branch="false"/>
							</lines>
						</method>
						<method name="writeFile" signature="(Ljava/io/Writer;Ljava/lang/Iterable;Ljava/lang/Class;)V" line-rate="1.0" branch-rate="1.0">
							<lines>
								<line number="555" hits="5" branch="false"/>
								<line number="556" hits="5" branch="false"/>
								<line number="559" hits="5" branch="false"/>
								<line number="560" hits="5" branch="true" condition-coverage="100 % (2/2)">
									<conditions>
										<condition number="0" type="jump" coverage="100 %"/>
									</conditions>
								</line>
								<line number="561" hits="16" branch="false"/>
								<line number="563" hits="5" branch="false"/>
								<line number="570" hits="5" branch="false"/>
								<line number="571" hits="4" branch="true" condition-coverage="100 % (2/2)">
									<conditions>
										<condition number="0" type="jump" coverage="100 %"/>
									</conditions>
								</line>
								<line number="572" hits="10" branch="false"/>
								<line number="575" hits="5" branch="false"/>
								<line number="576" hits="4" branch="false"/>
								<line number="577" hits="1" branch="false"/>
								<line number="578" hits="1" branch="false"/>
								<line number="579" hits="4" branch="false"/>
								<line number="580" hits="4" branch="false"/>
							</lines>
						</method>
						<method name="writeLigne" signature="(Lfr/ybo/moteurcsv/factory/AbstractWriterCsv;Ljava/util/List;Lfr/ybo/moteurcsv/modele/ClassCsv;Ljava/lang/Object;)V" line-rate="1.0" branch-rate="1.0">
							<lines>
								<line number="526" hits="10" branch="false"/>
								<line number="527" hits="10" branch="true" condition-coverage="100 % (2/2)">
									<conditions>
										<condition number="0" type="jump" coverage="100 %"/>
									</conditions>
								</line>
								<line number="528" hits="46" branch="false"/>
								<line number="529" hits="46" branch="false"/>
								<line number="530" hits="46" branch="false"/>
								<line number="531" hits="46" branch="false"/>
								<line number="532" hits="46" branch="true" condition-coverage="100 % (2/2)">
									<conditions>
										<condition number="0" type="jump" coverage="100 %"/>
									</conditions>
								</line>
								<line number="533" hits="40" branch="false"/>
								<line number="535" hits="6" branch="false"/>
								<line number="537" hits="46" branch="false"/>
								<line number="538" hits="10" branch="false"/>
								<line number="539" hits="10" branch="false"/>
							</lines>
						</method>
					</methods>
					<lines>
						<line number="76" hits="1" branch="false"/>
						<line number="81" hits="42" branch="false"/>
						<line number="105" hits="4" branch="false"/>
						<line number="106" hits="4" branch="false"/>
						<line number="117" hits="1" branch="false"/>
						<line number="126" hits="21" branch="false"/>
						<line number="127" hits="21" branch="false"/>
						<line number="128" hits="21" branch="false"/>
						<line number="129" hits="48" branch="true" condition-coverage="100 % (2/2)">
							<conditions>
								<condition number="0" type="jump" coverage="100 %"/>
							</conditions>
						</line>
						<line number="130" hits="31" branch="false"/>
						<line number="132" hits="17" branch="false"/>
						<line number="146" hits="21" branch="false"/>
						<line number="147" hits="21" branch="false"/>
						<line number="148" hits="21" branch="false"/>
						<line number="149" hits="78" branch="true" condition-coverage="100 % (2/2)">
							<conditions>
								<condition number="0" type="jump" coverage="100 %"/>
							</conditions>
						</line>
						<line number="150" hits="57" branch="false"/>
						<line number="152" hits="21" branch="false"/>
						<line number="167" hits="23" branch="false"/>
						<line number="168" hits="23" branch="false"/>
						<line number="169" hits="69" branch="true" condition-coverage="100 % (2/2)">
							<conditions>
								<condition number="0" type="jump" coverage="100 %"/>
							</conditions>
						</line>
						<line number="170" hits="46" branch="true" condition-coverage="100 % (2/2)">
							<conditions>
								<condition number="0" type="jump" coverage="100 %"/>
							</conditions>
						</line>
						<line number="171" hits="23" branch="false"/>
						<line number="173" hits="23" branch="false"/>
						<line number="175" hits="46" branch="false"/>
						<line number="177" hits="23" branch="false"/>
						<line number="193" hits="115" branch="false"/>
						<line number="195" hits="115" branch="false"/>
						<line number="196" hits="1" branch="false"/>
						<line number="197" hits="1" branch="false"/>
						<line number="198" hits="0" branch="false"/>
						<line number="199" hits="0" branch="false"/>
						<line number="200" hits="114" branch="false"/>
						<line number="201" hits="114" branch="false"/>
						<line number="212" hits="76" branch="true" condition-coverage="100 % (2/2)">
							<conditions>
								<condition number="0" type="jump" coverage="100 %"/>
							</conditions>
						</line>
						<line number="213" hits="1" branch="false"/>
						<line number="216" hits="75" branch="false"/>
						<line number="217" hits="74" branch="true" condition-coverage="100 % (2/2)">
							<conditions>
								<condition number="0" type="jump" coverage="100 %"/>
							</conditions>
						</line>
						<line number="218" hits="15" branch="false"/>
						<line number="220" hits="59" branch="false"/>
						<line number="221" hits="59" branch="false"/>
						<line number="222" hits="230" branch="true" condition-coverage="100 % (2/2)">
							<conditions>
								<condition number="0" type="jump" coverage="100 %"/>
							</conditions>
						</line>
						<line number="223" hits="172" branch="false"/>
						<line number="225" hits="58" branch="true" condition-coverage="100 % (2/2)">
							<conditions>
								<condition number="0" type="jump" coverage="100 %"/>
							</conditions>
						</line>
						<line number="226" hits="23" branch="false"/>
						<line number="228" hits="35" branch="false"/>
						<line number="246" hits="172" branch="false"/>
						<line number="247" hits="172" branch="true" condition-coverage="75 % (3/4)">
							<conditions>
								<condition number="0" type="jump" coverage="50 %"/>
								<condition number="1" type="jump" coverage="100 %"/>
							</conditions>
						</line>
						<line number="248" hits="133" branch="false"/>
						<line number="249" hits="39" branch="true" condition-coverage="100 % (2/2)">
							<conditions>
								<condition number="0" type="jump" coverage="100 %"/>
							</conditions>
						</line>
						<line number="250" hits="35" branch="false"/>
						<line number="252" hits="172" branch="false"/>
						<line number="267" hits="35" branch="false"/>
						<line number="268" hits="35" branch="true" condition-coverage="75 % (3/4)">
							<conditions>
								<condition number="0" type="jump" coverage="50 %"/>
								<condition number="1" type="jump" coverage="100 %"/>
							</conditions>
						</line>
						<line number="269" hits="8" branch="false"/>
						<line number="273" hits="35" branch="false"/>
						<line number="293" hits="133" branch="false"/>
						<line number="294" hits="133" branch="false"/>
						<line number="295" hits="133" branch="true" condition-coverage="50 % (1/2)">
							<conditions>
								<condition number="0" type="jump" coverage="50 %"/>
							</conditions>
						</line>
						<line number="297" hits="133" branch="true" condition-coverage="100 % (2/2)">
							<conditions>
								<condition number="0" type="jump" coverage="100 %"/>
							</conditions>
						</line>
						<line number="298" hits="123" branch="false"/>
						<line number="300" hits="115" branch="false"/>
						<line number="301" hits="19" branch="false"/>
						<line number="302" hits="19" branch="false"/>
						<line number="303" hits="114" branch="false"/>
						<line number="305" hits="133" branch="false"/>
						<line number="323" hits="27" branch="true" condition-coverage="100 % (2/2)">
							<conditions>
								<condition number="0" type="jump" coverage="100 %"/>
							</conditions>
						</line>
						<line number="324" hits="23" branch="false"/>
						<line number="326" hits="27" branch="false"/>
						<line number="327" hits="27" branch="false"/>
						<line number="328" hits="27" branch="false"/>
						<line number="329" hits="27" branch="false"/>
						<line number="330" hits="27" branch="true" condition-coverage="100 % (2/2)">
							<conditions>
								<condition number="0" type="jump" coverage="100 %"/>
							</conditions>
						</line>
						<line number="331" hits="1" branch="false"/>
						<line number="332" hits="1" branch="false"/>
						<line number="333" hits="1" branch="false"/>
						<line number="335" hits="27" branch="false"/>
						<line number="336" hits="27" branch="false"/>
						<line number="345" hits="59" branch="false"/>
						<line number="347" hits="59" branch="false"/>
						<line number="348" hits="1" branch="false"/>
						<line number="349" hits="1" branch="false"/>
						<line number="350" hits="1" branch="true" condition-coverage="50 % (1/2)">
							<conditions>
								<condition number="0" type="jump" coverage="50 %"/>
							</conditions>
						</line>
						<line number="351" hits="1" branch="false"/>
						<line number="353" hits="1" branch="false"/>
						<line number="355" hits="58" branch="false"/>
						<line number="356" hits="58" branch="false"/>
						<line number="366" hits="75" branch="false"/>
						<line number="367" hits="1" branch="false"/>
						<line number="368" hits="1" branch="false"/>
						<line number="381" hits="23" branch="false"/>
						<line number="382" hits="23" branch="true" condition-coverage="100 % (2/2)">
							<conditions>
								<condition number="0" type="jump" coverage="100 %"/>
							</conditions>
						</line>
						<line number="383" hits="1" branch="false"/>
						<line number="385" hits="22" branch="false"/>
						<line number="387" hits="21" branch="false"/>
						<line number="388" hits="1" branch="false"/>
						<line number="389" hits="1" branch="false"/>
						<line number="390" hits="20" branch="false"/>
						<line number="391" hits="20" branch="true" condition-coverage="50 % (1/2)">
							<conditions>
								<condition number="0" type="jump" coverage="50 %"/>
							</conditions>
						</line>
						<line number="392" hits="0" branch="false"/>
						<line number="394" hits="20" branch="false"/>
						<line number="400" hits="20" branch="true" condition-coverage="100 % (2/2)">
							<conditions>
								<condition number="0" type="jump" coverage="100 %"/>
							</conditions>
						</line>
						<line number="402" hits="19" branch="false"/>
						<line number="403" hits="0" branch="false"/>
						<line number="404" hits="0" branch="false"/>
						<line number="405" hits="19" branch="false"/>
						<line number="406" hits="19" branch="false"/>
						<line number="408" hits="20" branch="false"/>
						<line number="428" hits="20" branch="false"/>
						<line number="429" hits="20" branch="false"/>
						<line number="432" hits="15" branch="false"/>
						<line number="455" hits="20" branch="false"/>
						<line number="457" hits="20" branch="false"/>
						<line number="458" hits="19" branch="false"/>
						<line number="459" hits="19" branch="false"/>
						<line number="462" hits="74" branch="false"/>
						<line number="463" hits="74" branch="false"/>
						<line number="464" hits="50" branch="true" condition-coverage="100 % (2/2)">
							<conditions>
								<condition number="0" type="jump" coverage="100 %"/>
							</conditions>
						</line>
						<line number="465" hits="35" branch="false"/>
						<line number="467" hits="23" branch="false"/>
						<line number="468" hits="23" branch="false"/>
						<line number="469" hits="23" branch="false"/>
						<line number="470" hits="23" branch="true" condition-coverage="100 % (4/4)">
							<conditions>
								<condition number="0" type="jump" coverage="100 %"/>
								<condition number="1" type="jump" coverage="100 %"/>
							</conditions>
						</line>
						<line number="472" hits="3" branch="false"/>
						<line number="474" hits="50" branch="false"/>
						<line number="475" hits="70" branch="true" condition-coverage="100 % (4/4)">
							<conditions>
								<condition number="0" type="jump" coverage="100 %"/>
								<condition number="1" type="jump" coverage="100 %"/>
							</conditions>
						</line>
						<line number="477" hits="20" branch="false"/>
						<line number="478" hits="15" branch="false"/>
						<line number="479" hits="15" branch="false"/>
						<line number="489" hits="89" branch="false"/>
						<line number="490" hits="89" branch="true" condition-coverage="100 % (2/2)">
							<conditions>
								<condition number="0" type="jump" coverage="100 %"/>
							</conditions>
						</line>
						<line number="491" hits="1" branch="false"/>
						<line number="493" hits="88" branch="true" condition-coverage="100 % (2/2)">
							<conditions>
								<condition number="0" type="jump" coverage="100 %"/>
							</conditions>
						</line>
						<line number="494" hits="10" branch="false"/>
						<line number="496" hits="78" branch="false"/>
						<line number="497" hits="260" branch="true" condition-coverage="100 % (2/2)">
							<conditions>
								<condition number="0" type="jump" coverage="100 %"/>
							</conditions>
						</line>
						<line number="498" hits="186" branch="false"/>
						<line number="499" hits="186" branch="false"/>
						<line number="500" hits="186" branch="true" condition-coverage="50 % (1/2)">
							<conditions>
								<condition number="0" type="jump" coverage="50 %"/>
							</conditions>
						</line>
						<line number="501" hits="186" branch="false"/>
						<line number="502" hits="183" branch="false"/>
						<line number="505" hits="74" branch="false"/>
						<line number="506" hits="74" branch="false"/>
						<line number="526" hits="10" branch="false"/>
						<line number="527" hits="10" branch="true" condition-coverage="100 % (2/2)">
							<conditions>
								<condition number="0" type="jump" coverage="100 %"/>
							</conditions>
						</line>
						<line number="528" hits="46" branch="false"/>
						<line number="529" hits="46" branch="false"/>
						<line number="530" hits="46" branch="false"/>
						<line number="531" hits="46" branch="false"/>
						<line number="532" hits="46" branch="true" condition-coverage="100 % (2/2)">
							<conditions>
								<condition number="0" type="jump" coverage="100 %"/>
							</conditions>
						</line>
						<line number="533" hits="40" branch="false"/>
						<line number="535" hits="6" branch="false"/>
						<line number="537" hits="46" branch="false"/>
						<line number="538" hits="10" branch="false"/>
						<line number="539" hits="10" branch="false"/>
						<line number="555" hits="5" branch="false"/>
						<line number="556" hits="5" branch="false"/>
						<line number="559" hits="5" branch="false"/>
						<line number="560" hits="5" branch="true" condition-coverage="100 % (2/2)">
							<conditions>
								<condition number="0" type="jump" coverage="100 %"/>
							</conditions>
						</line>
						<line number="561" hits="16" branch="false"/>
						<line number="563" hits="5" branch="false"/>
						<line number="570" hits="5" branch="false"/>
						<line number="571" hits="4" branch="true" condition-coverage="100 % (2/2)">
							<conditions>
								<condition number="0" type="jump" coverage="100 %"/>
							</conditions>
						</line>
						<line number="572" hits="10" branch="false"/>
						<line number="575" hits="5" branch="false"/>
						<line number="576" hits="4" branch="false"/>
						<line number="577" hits="1" branch="false"/>
						<line number="578" hits="1" branch="false"/>
						<line number="579" hits="4" branch="false"/>
						<line number="580" hits="4" branch="false"/>
					</lines>
				</class>
				<class name="fr.ybo.moteurcsv.MoteurCsv$1" filename="fr/ybo/moteurcsv/MoteurCsv.java" line-rate="1.0" branch-rate="1.0" complexity="3.8095238095238093">
					<methods>
						<method name="&lt;init&gt;" signature="(Lfr/ybo/moteurcsv/MoteurCsv;Lfr/ybo/moteurcsv/modele/ClassCsv;)V" line-rate="1.0" branch-rate="1.0">
							<lines>
							</lines>
						</method>
						<method name="compare" signature="(Ljava/lang/Object;Ljava/lang/Object;)I" line-rate="1.0" branch-rate="1.0">
							<lines>
								<line number="563" hits="34" branch="false"/>
							</lines>
						</method>
						<method name="compare" signature="(Ljava/lang/String;Ljava/lang/String;)I" line-rate="1.0" branch-rate="1.0">
							<lines>
								<line number="565" hits="29" branch="false"/>
								<line number="566" hits="29" branch="false"/>
								<line number="567" hits="29" branch="true" condition-coverage="100 % (4/4)">
									<conditions>
										<condition number="0" type="jump" coverage="100 %"/>
										<condition number="1" type="jump" coverage="100 %"/>
									</conditions>
								</line>
							</lines>
						</method>
					</methods>
					<lines>
						<line number="563" hits="34" branch="false"/>
						<line number="565" hits="29" branch="false"/>
						<line number="566" hits="29" branch="false"/>
						<line number="567" hits="29" branch="true" condition-coverage="100 % (4/4)">
							<conditions>
								<condition number="0" type="jump" coverage="100 %"/>
								<condition number="1" type="jump" coverage="100 %"/>
							</conditions>
						</line>
					</lines>
				</class>
			</classes>
		</package>
		<package name="fr.ybo.moteurcsv.adapter" line-rate="0.9555555555555556" branch-rate="0.5833333333333334" complexity="1.75">
			<classes>
				<class name="fr.ybo.moteurcsv.adapter.AdapterBoolean" filename="fr/ybo/moteurcsv/adapter/AdapterBoolean.java" line-rate="1.0" branch-rate="0.5" complexity="1.5">
					<methods>
						<method name="&lt;init&gt;" signature="()V" line-rate="1.0" branch-rate="1.0">
							<lines>
							</lines>
						</method>
						<method name="parse" signature="(Ljava/lang/String;)Ljava/lang/Boolean;" line-rate="1.0" branch-rate="0.5">
							<lines>
								<line number="39" hits="12" branch="true" condition-coverage="50 % (1/2)">
									<conditions>
										<condition number="0" type="jump" coverage="50 %"/>
									</conditions>
								</line>
							</lines>
						</method>
						<method name="parse" signature="(Ljava/lang/String;)Ljava/lang/Object;" line-rate="1.0" branch-rate="1.0">
							<lines>
								<line number="29" hits="19" branch="false"/>
							</lines>
						</method>
						<method name="toString" signature="(Ljava/lang/Boolean;)Ljava/lang/String;" line-rate="1.0" branch-rate="0.5">
							<lines>
								<line number="54" hits="6" branch="true" condition-coverage="50 % (1/2)">
									<conditions>
										<condition number="0" type="jump" coverage="50 %"/>
									</conditions>
								</line>
							</lines>
						</method>
						<method name="toString" signature="(Ljava/lang/Object;)Ljava/lang/String;" line-rate="1.0" branch-rate="1.0">
							<lines>
							</lines>
						</method>
					</methods>
					<lines>
						<line number="29" hits="19" branch="false"/>
						<line number="39" hits="12" branch="true" condition-coverage="50 % (1/2)">
							<conditions>
								<condition number="0" type="jump" coverage="50 %"/>
							</conditions>
						</line>
						<line number="54" hits="6" branch="true" condition-coverage="50 % (1/2)">
							<conditions>
								<condition number="0" type="jump" coverage="50 %"/>
							</conditions>
						</line>
					</lines>
				</class>
				<class name="fr.ybo.moteurcsv.adapter.AdapterCsv" filename="fr/ybo/moteurcsv/adapter/AdapterCsv.java" line-rate="1.0" branch-rate="1.0" complexity="1.0">
					<methods>
						<method name="&lt;init&gt;" signature="()V" line-rate="1.0" branch-rate="1.0">
							<lines>
								<line number="32" hits="8" branch="false"/>
							</lines>
						</method>
						<method name="addParams" signature="(Ljava/util/Map;)V" line-rate="1.0" branch-rate="1.0">
							<lines>
								<line number="44" hits="8" branch="false"/>
							</lines>
						</method>
					</methods>
					<lines>
						<line number="32" hits="8" branch="false"/>
						<line number="44" hits="8" branch="false"/>
					</lines>
				</class>
				<class name="fr.ybo.moteurcsv.adapter.AdapterDate" filename="fr/ybo/moteurcsv/adapter/AdapterDate.java" line-rate="1.0" branch-rate="1.0" complexity="3.3333333333333335">
					<methods>
						<method name="&lt;init&gt;" signature="()V" line-rate="1.0" branch-rate="1.0">
							<lines>
							</lines>
						</method>
						<method name="addParams" signature="(Ljava/util/Map;)V" line-rate="1.0" branch-rate="1.0">
							<lines>
								<line number="53" hits="3" branch="false"/>
								<line number="54" hits="3" branch="true" condition-coverage="100 % (2/2)">
									<conditions>
										<condition number="0" type="jump" coverage="100 %"/>
									</conditions>
								</line>
								<line number="55" hits="1" branch="false"/>
								<line number="58" hits="2" branch="false"/>
								<line number="59" hits="1" branch="false"/>
								<line number="60" hits="1" branch="false"/>
								<line number="62" hits="1" branch="false"/>
								<line number="63" hits="1" branch="false"/>
							</lines>
						</method>
						<method name="parse" signature="(Ljava/lang/String;)Ljava/lang/Object;" line-rate="1.0" branch-rate="1.0">
							<lines>
								<line number="34" hits="6" branch="false"/>
							</lines>
						</method>
						<method name="parse" signature="(Ljava/lang/String;)Ljava/util/Date;" line-rate="1.0" branch-rate="1.0">
							<lines>
								<line number="73" hits="2" branch="false"/>
								<line number="74" hits="1" branch="false"/>
								<line number="75" hits="1" branch="false"/>
								<line number="76" hits="1" branch="false"/>
							</lines>
						</method>
						<method name="toString" signature="(Ljava/lang/Object;)Ljava/lang/String;" line-rate="1.0" branch-rate="1.0">
							<lines>
							</lines>
						</method>
						<method name="toString" signature="(Ljava/util/Date;)Ljava/lang/String;" line-rate="1.0" branch-rate="1.0">
							<lines>
								<line number="88" hits="1" branch="false"/>
							</lines>
						</method>
					</methods>
					<lines>
						<line number="34" hits="6" branch="false"/>
						<line number="53" hits="3" branch="false"/>
						<line number="54" hits="3" branch="true" condition-coverage="100 % (2/2)">
							<conditions>
								<condition number="0" type="jump" coverage="100 %"/>
							</conditions>
						</line>
						<line number="55" hits="1" branch="false"/>
						<line number="58" hits="2" branch="false"/>
						<line number="59" hits="1" branch="false"/>
						<line number="60" hits="1" branch="false"/>
						<line number="62" hits="1" branch="false"/>
						<line number="63" hits="1" branch="false"/>
						<line number="73" hits="2" branch="false"/>
						<line number="74" hits="1" branch="false"/>
						<line number="75" hits="1" branch="false"/>
						<line number="76" hits="1" branch="false"/>
						<line number="88" hits="1" branch="false"/>
					</lines>
				</class>
				<class name="fr.ybo.moteurcsv.adapter.AdapterDouble" filename="fr/ybo/moteurcsv/adapter/AdapterDouble.java" line-rate="1.0" branch-rate="1.0" complexity="1.0">
					<methods>
						<method name="&lt;init&gt;" signature="()V" line-rate="1.0" branch-rate="1.0">
							<lines>
							</lines>
						</method>
						<method name="parse" signature="(Ljava/lang/String;)Ljava/lang/Double;" line-rate="1.0" branch-rate="1.0">
							<lines>
								<line number="35" hits="12" branch="false"/>
							</lines>
						</method>
						<method name="parse" signature="(Ljava/lang/String;)Ljava/lang/Object;" line-rate="1.0" branch-rate="1.0">
							<lines>
								<line number="25" hits="19" branch="false"/>
							</lines>
						</method>
						<method name="toString" signature="(Ljava/lang/Double;)Ljava/lang/String;" line-rate="1.0" branch-rate="1.0">
							<lines>
								<line number="46" hits="6" branch="false"/>
							</lines>
						</method>
						<method name="toString" signature="(Ljava/lang/Object;)Ljava/lang/String;" line-rate="1.0" branch-rate="1.0">
							<lines>
							</lines>
						</method>
					</methods>
					<lines>
						<line number="25" hits="19" branch="false"/>
						<line number="35" hits="12" branch="false"/>
						<line number="46" hits="6" branch="false"/>
					</lines>
				</class>
				<class name="fr.ybo.moteurcsv.adapter.AdapterInteger" filename="fr/ybo/moteurcsv/adapter/AdapterInteger.java" line-rate="1.0" branch-rate="1.0" complexity="1.0">
					<methods>
						<method name="&lt;init&gt;" signature="()V" line-rate="1.0" branch-rate="1.0">
							<lines>
							</lines>
						</method>
						<method name="parse" signature="(Ljava/lang/String;)Ljava/lang/Integer;" line-rate="1.0" branch-rate="1.0">
							<lines>
								<line number="35" hits="12" branch="false"/>
							</lines>
						</method>
						<method name="parse" signature="(Ljava/lang/String;)Ljava/lang/Object;" line-rate="1.0" branch-rate="1.0">
							<lines>
								<line number="25" hits="19" branch="false"/>
							</lines>
						</method>
						<method name="toString" signature="(Ljava/lang/Integer;)Ljava/lang/String;" line-rate="1.0" branch-rate="1.0">
							<lines>
								<line number="46" hits="6" branch="false"/>
							</lines>
						</method>
						<method name="toString" signature="(Ljava/lang/Object;)Ljava/lang/String;" line-rate="1.0" branch-rate="1.0">
							<lines>
							</lines>
						</method>
					</methods>
					<lines>
						<line number="25" hits="19" branch="false"/>
						<line number="35" hits="12" branch="false"/>
						<line number="46" hits="6" branch="false"/>
					</lines>
				</class>
				<class name="fr.ybo.moteurcsv.adapter.AdapterString" filename="fr/ybo/moteurcsv/adapter/AdapterString.java" line-rate="1.0" branch-rate="1.0" complexity="1.0">
					<methods>
						<method name="&lt;init&gt;" signature="()V" line-rate="1.0" branch-rate="1.0">
							<lines>
							</lines>
						</method>
						<method name="parse" signature="(Ljava/lang/String;)Ljava/lang/Object;" line-rate="1.0" branch-rate="1.0">
							<lines>
								<line number="25" hits="81" branch="false"/>
							</lines>
						</method>
						<method name="parse" signature="(Ljava/lang/String;)Ljava/lang/String;" line-rate="1.0" branch-rate="1.0">
							<lines>
								<line number="35" hits="65" branch="false"/>
							</lines>
						</method>
						<method name="toString" signature="(Ljava/lang/Object;)Ljava/lang/String;" line-rate="1.0" branch-rate="1.0">
							<lines>
							</lines>
						</method>
						<method name="toString" signature="(Ljava/lang/String;)Ljava/lang/String;" line-rate="1.0" branch-rate="1.0">
							<lines>
								<line number="46" hits="15" branch="false"/>
							</lines>
						</method>
					</methods>
					<lines>
						<line number="25" hits="81" branch="false"/>
						<line number="35" hits="65" branch="false"/>
						<line number="46" hits="15" branch="false"/>
					</lines>
				</class>
				<class name="fr.ybo.moteurcsv.adapter.AdapterTime" filename="fr/ybo/moteurcsv/adapter/AdapterTime.java" line-rate="0.8823529411764706" branch-rate="0.5" complexity="3.0">
					<methods>
						<method name="&lt;init&gt;" signature="()V" line-rate="1.0" branch-rate="1.0">
							<lines>
							</lines>
						</method>
						<method name="parse" signature="(Ljava/lang/String;)Ljava/lang/Integer;" line-rate="0.75" branch-rate="0.5">
							<lines>
								<line number="46" hits="12" branch="false"/>
								<line number="47" hits="12" branch="true" condition-coverage="50 % (1/2)">
									<conditions>
										<condition number="0" type="jump" coverage="50 %"/>
									</conditions>
								</line>
								<line number="48" hits="0" branch="false"/>
								<line number="50" hits="12" branch="false"/>
							</lines>
						</method>
						<method name="parse" signature="(Ljava/lang/String;)Ljava/lang/Object;" line-rate="1.0" branch-rate="1.0">
							<lines>
								<line number="26" hits="19" branch="false"/>
							</lines>
						</method>
						<method name="toString" signature="(Ljava/lang/Integer;)Ljava/lang/String;" line-rate="0.9166666666666666" branch-rate="0.5">
							<lines>
								<line number="62" hits="6" branch="false"/>
								<line number="63" hits="6" branch="false"/>
								<line number="64" hits="6" branch="false"/>
								<line number="65" hits="6" branch="true" condition-coverage="50 % (1/2)">
									<conditions>
										<condition number="0" type="jump" coverage="50 %"/>
									</conditions>
								</line>
								<line number="66" hits="6" branch="false"/>
								<line number="68" hits="6" branch="false"/>
								<line number="69" hits="6" branch="false"/>
								<line number="70" hits="6" branch="true" condition-coverage="50 % (1/2)">
									<conditions>
										<condition number="0" type="jump" coverage="50 %"/>
									</conditions>
								</line>
								<line number="71" hits="0" branch="false"/>
								<line number="73" hits="6" branch="false"/>
								<line number="74" hits="6" branch="false"/>
								<line number="75" hits="6" branch="false"/>
							</lines>
						</method>
						<method name="toString" signature="(Ljava/lang/Object;)Ljava/lang/String;" line-rate="1.0" branch-rate="1.0">
							<lines>
							</lines>
						</method>
					</methods>
					<lines>
						<line number="26" hits="19" branch="false"/>
						<line number="46" hits="12" branch="false"/>
						<line number="47" hits="12" branch="true" condition-coverage="50 % (1/2)">
							<conditions>
								<condition number="0" type="jump" coverage="50 %"/>
							</conditions>
						</line>
						<line number="48" hits="0" branch="false"/>
						<line number="50" hits="12" branch="false"/>
						<line number="62" hits="6" branch="false"/>
						<line number="63" hits="6" branch="false"/>
						<line number="64" hits="6" branch="false"/>
						<line number="65" hits="6" branch="true" condition-coverage="50 % (1/2)">
							<conditions>
								<condition number="0" type="jump" coverage="50 %"/>
							</conditions>
						</line>
						<line number="66" hits="6" branch="false"/>
						<line number="68" hits="6" branch="false"/>
						<line number="69" hits="6" branch="false"/>
						<line number="70" hits="6" branch="true" condition-coverage="50 % (1/2)">
							<conditions>
								<condition number="0" type="jump" coverage="50 %"/>
							</conditions>
						</line>
						<line number="71" hits="0" branch="false"/>
						<line number="73" hits="6" branch="false"/>
						<line number="74" hits="6" branch="false"/>
						<line number="75" hits="6" branch="false"/>
					</lines>
				</class>
			</classes>
		</package>
		<package name="fr.ybo.moteurcsv.annotation" line-rate="1.0" branch-rate="1.0" complexity="0.0">
			<classes>
				<class name="fr.ybo.moteurcsv.annotation.BaliseCsv" filename="fr/ybo/moteurcsv/annotation/BaliseCsv.java" line-rate="1.0" branch-rate="1.0" complexity="0.0">
					<methods>
					</methods>
					<lines>
					</lines>
				</class>
				<class name="fr.ybo.moteurcsv.annotation.FichierCsv" filename="fr/ybo/moteurcsv/annotation/FichierCsv.java" line-rate="1.0" branch-rate="1.0" complexity="0.0">
					<methods>
					</methods>
					<lines>
					</lines>
				</class>
				<class name="fr.ybo.moteurcsv.annotation.Param" filename="fr/ybo/moteurcsv/annotation/Param.java" line-rate="1.0" branch-rate="1.0" complexity="0.0">
					<methods>
					</methods>
					<lines>
					</lines>
				</class>
				<class name="fr.ybo.moteurcsv.annotation.Validation" filename="fr/ybo/moteurcsv/annotation/Validation.java" line-rate="1.0" branch-rate="1.0" complexity="0.0">
					<methods>
					</methods>
					<lines>
					</lines>
				</class>
			</classes>
		</package>
		<package name="fr.ybo.moteurcsv.exception" line-rate="0.9545454545454546" branch-rate="0.8333333333333334" complexity="1.375">
			<classes>
				<class name="fr.ybo.moteurcsv.exception.InvalideParamException" filename="fr/ybo/moteurcsv/exception/InvalideParamException.java" line-rate="1.0" branch-rate="1.0" complexity="1.0">
					<methods>
						<method name="&lt;init&gt;" signature="(Ljava/lang/String;)V" line-rate="1.0" branch-rate="1.0">
							<lines>
								<line number="33" hits="2" branch="false"/>
								<line number="34" hits="2" branch="false"/>
							</lines>
						</method>
						<method name="&lt;init&gt;" signature="(Ljava/lang/String;Ljava/lang/Exception;)V" line-rate="1.0" branch-rate="1.0">
							<lines>
								<line number="45" hits="2" branch="false"/>
								<line number="46" hits="2" branch="false"/>
							</lines>
						</method>
					</methods>
					<lines>
						<line number="33" hits="2" branch="false"/>
						<line number="34" hits="2" branch="false"/>
						<line number="45" hits="2" branch="false"/>
						<line number="46" hits="2" branch="false"/>
					</lines>
				</class>
				<class name="fr.ybo.moteurcsv.exception.MoteurCsvException" filename="fr/ybo/moteurcsv/exception/MoteurCsvException.java" line-rate="1.0" branch-rate="1.0" complexity="1.0">
					<methods>
						<method name="&lt;init&gt;" signature="(Ljava/lang/String;)V" line-rate="1.0" branch-rate="1.0">
							<lines>
								<line number="33" hits="4" branch="false"/>
								<line number="34" hits="4" branch="false"/>
							</lines>
						</method>
						<method name="&lt;init&gt;" signature="(Ljava/lang/String;Ljava/lang/Throwable;)V" line-rate="1.0" branch-rate="1.0">
							<lines>
								<line number="43" hits="4" branch="false"/>
								<line number="44" hits="4" branch="false"/>
							</lines>
						</method>
						<method name="&lt;init&gt;" signature="(Ljava/lang/Throwable;)V" line-rate="1.0" branch-rate="1.0">
							<lines>
								<line number="51" hits="4" branch="false"/>
								<line number="52" hits="4" branch="false"/>
							</lines>
						</method>
					</methods>
					<lines>
						<line number="33" hits="4" branch="false"/>
						<line number="34" hits="4" branch="false"/>
						<line number="43" hits="4" branch="false"/>
						<line number="44" hits="4" branch="false"/>
						<line number="51" hits="4" branch="false"/>
						<line number="52" hits="4" branch="false"/>
					</lines>
				</class>
				<class name="fr.ybo.moteurcsv.exception.NombreErreurDepasseException" filename="fr/ybo/moteurcsv/exception/NombreErreurDepasseException.java" line-rate="0.9166666666666666" branch-rate="0.8333333333333334" complexity="2.0">
					<methods>
						<method name="&lt;init&gt;" signature="(Ljava/util/List;)V" line-rate="1.0" branch-rate="1.0">
							<lines>
								<line number="50" hits="3" branch="false"/>
								<line number="51" hits="3" branch="false"/>
								<line number="52" hits="3" branch="false"/>
							</lines>
						</method>
						<method name="getErreurs" signature="()Ljava/util/List;" line-rate="1.0" branch-rate="1.0">
							<lines>
								<line number="58" hits="5" branch="false"/>
							</lines>
						</method>
						<method name="getMessage" signature="()Ljava/lang/String;" line-rate="0.875" branch-rate="0.8333333333333334">
							<lines>
								<line number="68" hits="1" branch="false"/>
								<line number="69" hits="1" branch="true" condition-coverage="100 % (2/2)">
									<conditions>
										<condition number="0" type="jump" coverage="100 %"/>
									</conditions>
								</line>
								<line number="70" hits="2" branch="true" condition-coverage="100 % (2/2)">
									<conditions>
										<condition number="0" type="jump" coverage="100 %"/>
									</conditions>
								</line>
								<line number="71" hits="2" branch="false"/>
								<line number="72" hits="2" branch="false"/>
								<line number="74" hits="2" branch="true" condition-coverage="50 % (1/2)">
									<conditions>
										<condition number="0" type="jump" coverage="50 %"/>
									</conditions>
								</line>
								<line number="75" hits="0" branch="false"/>
								<line number="78" hits="1" branch="false"/>
							</lines>
						</method>
					</methods>
					<lines>
						<line number="50" hits="3" branch="false"/>
						<line number="51" hits="3" branch="false"/>
						<line number="52" hits="3" branch="false"/>
						<line number="58" hits="5" branch="false"/>
						<line number="68" hits="1" branch="false"/>
						<line number="69" hits="1" branch="true" condition-coverage="100 % (2/2)">
							<conditions>
								<condition number="0" type="jump" coverage="100 %"/>
							</conditions>
						</line>
						<line number="70" hits="2" branch="true" condition-coverage="100 % (2/2)">
							<conditions>
								<condition number="0" type="jump" coverage="100 %"/>
							</conditions>
						</line>
						<line number="71" hits="2" branch="false"/>
						<line number="72" hits="2" branch="false"/>
						<line number="74" hits="2" branch="true" condition-coverage="50 % (1/2)">
							<conditions>
								<condition number="0" type="jump" coverage="50 %"/>
							</conditions>
						</line>
						<line number="75" hits="0" branch="false"/>
						<line number="78" hits="1" branch="false"/>
					</lines>
				</class>
			</classes>
		</package>
		<package name="fr.ybo.moteurcsv.factory" line-rate="1.0" branch-rate="1.0" complexity="1.3076923076923077">
			<classes>
				<class name="fr.ybo.moteurcsv.factory.AbstractReaderCsv" filename="fr/ybo/moteurcsv/factory/AbstractReaderCsv.java" line-rate="1.0" branch-rate="1.0" complexity="1.0">
					<methods>
						<method name="&lt;init&gt;" signature="()V" line-rate="1.0" branch-rate="1.0">
							<lines>
								<line number="28" hits="21" branch="false"/>
							</lines>
						</method>
					</methods>
					<lines>
						<line number="28" hits="21" branch="false"/>
					</lines>
				</class>
				<class name="fr.ybo.moteurcsv.factory.AbstractWriterCsv" filename="fr/ybo/moteurcsv/factory/AbstractWriterCsv.java" line-rate="1.0" branch-rate="1.0" complexity="1.0">
					<methods>
						<method name="&lt;init&gt;" signature="()V" line-rate="1.0" branch-rate="1.0">
							<lines>
								<line number="28" hits="5" branch="false"/>
							</lines>
						</method>
					</methods>
					<lines>
						<line number="28" hits="5" branch="false"/>
					</lines>
				</class>
				<class name="fr.ybo.moteurcsv.factory.DefaultGestionnaireCsvFactory" filename="fr/ybo/moteurcsv/factory/DefaultGestionnaireCsvFactory.java" line-rate="1.0" branch-rate="1.0" complexity="1.0">
					<methods>
						<method name="&lt;init&gt;" signature="()V" line-rate="1.0" branch-rate="1.0">
							<lines>
								<line number="28" hits="42" branch="false"/>
							</lines>
						</method>
						<method name="createReaderCsv" signature="(Ljava/io/Reader;C)Lfr/ybo/moteurcsv/factory/AbstractReaderCsv;" line-rate="1.0" branch-rate="1.0">
							<lines>
								<line number="40" hits="18" branch="false"/>
							</lines>
						</method>
						<method name="createWriterCsv" signature="(Ljava/io/Writer;CZ)Lfr/ybo/moteurcsv/factory/AbstractWriterCsv;" line-rate="1.0" branch-rate="1.0">
							<lines>
								<line number="55" hits="4" branch="false"/>
							</lines>
						</method>
					</methods>
					<lines>
						<line number="28" hits="42" branch="false"/>
						<line number="40" hits="18" branch="false"/>
						<line number="55" hits="4" branch="false"/>
					</lines>
				</class>
				<class name="fr.ybo.moteurcsv.factory.GestionnaireCsvFactory" filename="fr/ybo/moteurcsv/factory/GestionnaireCsvFactory.java" line-rate="1.0" branch-rate="1.0" complexity="1.0">
					<methods>
					</methods>
					<lines>
					</lines>
				</class>
				<class name="fr.ybo.moteurcsv.factory.ReaderOpenCsv" filename="fr/ybo/moteurcsv/factory/ReaderOpenCsv.java" line-rate="1.0" branch-rate="1.0" complexity="1.75">
					<methods>
						<method name="&lt;init&gt;" signature="(Ljava/io/Reader;C)V" line-rate="1.0" branch-rate="1.0">
							<lines>
								<line number="46" hits="18" branch="false"/>
								<line number="47" hits="18" branch="false"/>
								<line number="48" hits="18" branch="false"/>
							</lines>
						</method>
						<method name="close" signature="()V" line-rate="1.0" branch-rate="1.0">
							<lines>
								<line number="77" hits="18" branch="false"/>
								<line number="78" hits="18" branch="false"/>
							</lines>
						</method>
						<method name="isEmpty" signature="([Ljava/lang/String;)Z" line-rate="1.0" branch-rate="1.0">
							<lines>
								<line number="58" hits="92" branch="true" condition-coverage="100 % (6/6)">
									<conditions>
										<condition number="0" type="jump" coverage="100 %"/>
										<condition number="1" type="jump" coverage="100 %"/>
										<condition number="2" type="jump" coverage="100 %"/>
									</conditions>
								</line>
							</lines>
						</method>
						<method name="readLine" signature="()[Ljava/lang/String;" line-rate="1.0" branch-rate="1.0">
							<lines>
								<line number="63" hits="92" branch="false"/>
								<line number="64" hits="92" branch="true" condition-coverage="100 % (2/2)">
									<conditions>
										<condition number="0" type="jump" coverage="100 %"/>
									</conditions>
								</line>
								<line number="65" hits="1" branch="false"/>
								<line number="67" hits="92" branch="false"/>
							</lines>
						</method>
					</methods>
					<lines>
						<line number="46" hits="18" branch="false"/>
						<line number="47" hits="18" branch="false"/>
						<line number="48" hits="18" branch="false"/>
						<line number="58" hits="92" branch="true" condition-coverage="100 % (6/6)">
							<conditions>
								<condition number="0" type="jump" coverage="100 %"/>
								<condition number="1" type="jump" coverage="100 %"/>
								<condition number="2" type="jump" coverage="100 %"/>
							</conditions>
						</line>
						<line number="63" hits="92" branch="false"/>
						<line number="64" hits="92" branch="true" condition-coverage="100 % (2/2)">
							<conditions>
								<condition number="0" type="jump" coverage="100 %"/>
							</conditions>
						</line>
						<line number="65" hits="1" branch="false"/>
						<line number="67" hits="92" branch="false"/>
						<line number="77" hits="18" branch="false"/>
						<line number="78" hits="18" branch="false"/>
					</lines>
				</class>
				<class name="fr.ybo.moteurcsv.factory.WriterOpenCsv" filename="fr/ybo/moteurcsv/factory/WriterOpenCsv.java" line-rate="1.0" branch-rate="1.0" complexity="1.3333333333333333">
					<methods>
						<method name="&lt;init&gt;" signature="(Ljava/io/Writer;CZ)V" line-rate="1.0" branch-rate="1.0">
							<lines>
								<line number="48" hits="4" branch="false"/>
								<line number="49" hits="4" branch="true" condition-coverage="100 % (2/2)">
									<conditions>
										<condition number="0" type="jump" coverage="100 %"/>
									</conditions>
								</line>
								<line number="50" hits="3" branch="false"/>
								<line number="52" hits="1" branch="false"/>
								<line number="54" hits="4" branch="false"/>
							</lines>
						</method>
						<method name="close" signature="()V" line-rate="1.0" branch-rate="1.0">
							<lines>
								<line number="68" hits="4" branch="false"/>
								<line number="69" hits="4" branch="false"/>
							</lines>
						</method>
						<method name="writeLine" signature="(Ljava/util/List;)V" line-rate="1.0" branch-rate="1.0">
							<lines>
								<line number="58" hits="14" branch="false"/>
								<line number="59" hits="14" branch="false"/>
							</lines>
						</method>
					</methods>
					<lines>
						<line number="48" hits="4" branch="false"/>
						<line number="49" hits="4" branch="true" condition-coverage="100 % (2/2)">
							<conditions>
								<condition number="0" type="jump" coverage="100 %"/>
							</conditions>
						</line>
						<line number="50" hits="3" branch="false"/>
						<line number="52" hits="1" branch="false"/>
						<line number="54" hits="4" branch="false"/>
						<line number="58" hits="14" branch="false"/>
						<line number="59" hits="14" branch="false"/>
						<line number="68" hits="4" branch="false"/>
						<line number="69" hits="4" branch="false"/>
					</lines>
				</class>
			</classes>
		</package>
		<package name="fr.ybo.moteurcsv.modele" line-rate="1.0" branch-rate="0.8666666666666667" complexity="1.4565217391304348">
			<classes>
				<class name="fr.ybo.moteurcsv.modele.ChampCsv" filename="fr/ybo/moteurcsv/modele/ChampCsv.java" line-rate="1.0" branch-rate="1.0" complexity="2.2857142857142856">
					<methods>
						<method name="&lt;clinit&gt;" signature="()V" line-rate="1.0" branch-rate="1.0">
							<lines>
								<line number="52" hits="1" branch="false"/>
								<line number="58" hits="1" branch="false"/>
							</lines>
						</method>
						<method name="&lt;init&gt;" signature="(Lfr/ybo/moteurcsv/annotation/BaliseCsv;Lfr/ybo/moteurcsv/annotation/Validation;Ljava/lang/reflect/Field;)V" line-rate="1.0" branch-rate="1.0">
							<lines>
								<line number="81" hits="186" branch="false"/>
								<line number="82" hits="186" branch="false"/>
								<line number="83" hits="186" branch="false"/>
								<line number="84" hits="186" branch="false"/>
								<line number="85" hits="184" branch="false"/>
								<line number="86" hits="183" branch="false"/>
							</lines>
						</method>
						<method name="constructAdapter" signature="(Lfr/ybo/moteurcsv/annotation/BaliseCsv;)Lfr/ybo/moteurcsv/adapter/AdapterCsv;" line-rate="1.0" branch-rate="1.0">
							<lines>
								<line number="97" hits="186" branch="false"/>
								<line number="98" hits="186" branch="true" condition-coverage="100 % (2/2)">
									<conditions>
										<condition number="0" type="jump" coverage="100 %"/>
									</conditions>
								</line>
								<line number="100" hits="8" branch="false"/>
								<line number="101" hits="8" branch="false"/>
								<line number="102" hits="8" branch="false"/>
								<line number="103" hits="6" branch="false"/>
								<line number="104" hits="2" branch="false"/>
								<line number="105" hits="2" branch="false"/>
								<line number="106" hits="6" branch="false"/>
								<line number="108" hits="184" branch="false"/>
							</lines>
						</method>
						<method name="constructValidator" signature="(Lfr/ybo/moteurcsv/annotation/Validation;)Lfr/ybo/moteurcsv/validator/ValidatorCsv;" line-rate="1.0" branch-rate="1.0">
							<lines>
								<line number="120" hits="184" branch="true" condition-coverage="100 % (2/2)">
									<conditions>
										<condition number="0" type="jump" coverage="100 %"/>
									</conditions>
								</line>
								<line number="121" hits="170" branch="false"/>
								<line number="123" hits="14" branch="false"/>
								<line number="125" hits="14" branch="true" condition-coverage="100 % (2/2)">
									<conditions>
										<condition number="0" type="jump" coverage="100 %"/>
									</conditions>
								</line>
								<line number="127" hits="3" branch="false"/>
								<line number="128" hits="2" branch="false"/>
								<line number="129" hits="2" branch="false"/>
								<line number="130" hits="2" branch="false"/>
								<line number="131" hits="1" branch="false"/>
								<line number="132" hits="1" branch="false"/>
								<line number="135" hits="2" branch="false"/>
								<line number="137" hits="13" branch="false"/>
							</lines>
						</method>
						<method name="getAdapterCsv" signature="()Lfr/ybo/moteurcsv/adapter/AdapterCsv;" line-rate="1.0" branch-rate="1.0">
							<lines>
								<line number="161" hits="155" branch="false"/>
							</lines>
						</method>
						<method name="getField" signature="()Ljava/lang/reflect/Field;" line-rate="1.0" branch-rate="1.0">
							<lines>
								<line number="144" hits="368" branch="false"/>
							</lines>
						</method>
						<method name="isObligatoire" signature="()Z" line-rate="1.0" branch-rate="1.0">
							<lines>
								<line number="151" hits="35" branch="false"/>
							</lines>
						</method>
						<method name="validate" signature="(Ljava/lang/String;)V" line-rate="1.0" branch-rate="1.0">
							<lines>
								<line number="173" hits="123" branch="true" condition-coverage="100 % (2/2)">
									<conditions>
										<condition number="0" type="jump" coverage="100 %"/>
									</conditions>
								</line>
								<line number="174" hits="38" branch="false"/>
								<line number="176" hits="105" branch="false"/>
							</lines>
						</method>
					</methods>
					<lines>
						<line number="52" hits="1" branch="false"/>
						<line number="58" hits="1" branch="false"/>
						<line number="81" hits="186" branch="false"/>
						<line number="82" hits="186" branch="false"/>
						<line number="83" hits="186" branch="false"/>
						<line number="84" hits="186" branch="false"/>
						<line number="85" hits="184" branch="false"/>
						<line number="86" hits="183" branch="false"/>
						<line number="97" hits="186" branch="false"/>
						<line number="98" hits="186" branch="true" condition-coverage="100 % (2/2)">
							<conditions>
								<condition number="0" type="jump" coverage="100 %"/>
							</conditions>
						</line>
						<line number="100" hits="8" branch="false"/>
						<line number="101" hits="8" branch="false"/>
						<line number="102" hits="8" branch="false"/>
						<line number="103" hits="6" branch="false"/>
						<line number="104" hits="2" branch="false"/>
						<line number="105" hits="2" branch="false"/>
						<line number="106" hits="6" branch="false"/>
						<line number="108" hits="184" branch="false"/>
						<line number="120" hits="184" branch="true" condition-coverage="100 % (2/2)">
							<conditions>
								<condition number="0" type="jump" coverage="100 %"/>
							</conditions>
						</line>
						<line number="121" hits="170" branch="false"/>
						<line number="123" hits="14" branch="false"/>
						<line number="125" hits="14" branch="true" condition-coverage="100 % (2/2)">
							<conditions>
								<condition number="0" type="jump" coverage="100 %"/>
							</conditions>
						</line>
						<line number="127" hits="3" branch="false"/>
						<line number="128" hits="2" branch="false"/>
						<line number="129" hits="2" branch="false"/>
						<line number="130" hits="2" branch="false"/>
						<line number="131" hits="1" branch="false"/>
						<line number="132" hits="1" branch="false"/>
						<line number="135" hits="2" branch="false"/>
						<line number="137" hits="13" branch="false"/>
						<line number="144" hits="368" branch="false"/>
						<line number="151" hits="35" branch="false"/>
						<line number="161" hits="155" branch="false"/>
						<line number="173" hits="123" branch="true" condition-coverage="100 % (2/2)">
							<conditions>
								<condition number="0" type="jump" coverage="100 %"/>
							</conditions>
						</line>
						<line number="174" hits="38" branch="false"/>
						<line number="176" hits="105" branch="false"/>
					</lines>
				</class>
				<class name="fr.ybo.moteurcsv.modele.ClassCsv" filename="fr/ybo/moteurcsv/modele/ClassCsv.java" line-rate="1.0" branch-rate="1.0" complexity="1.5555555555555556">
					<methods>
						<method name="&lt;init&gt;" signature="(Ljava/lang/String;Ljava/lang/Class;)V" line-rate="1.0" branch-rate="1.0">
							<lines>
								<line number="51" hits="78" branch="false"/>
								<line number="56" hits="78" branch="false"/>
								<line number="66" hits="78" branch="false"/>
								<line number="67" hits="78" branch="false"/>
								<line number="68" hits="78" branch="false"/>
								<line number="70" hits="78" branch="false"/>
								<line number="71" hits="77" branch="false"/>
								<line number="72" hits="1" branch="false"/>
								<line number="73" hits="1" branch="false"/>
								<line number="75" hits="77" branch="false"/>
								<line number="76" hits="77" branch="false"/>
								<line number="113" hits="78" branch="false"/>
							</lines>
						</method>
						<method name="getChampCsv" signature="(Ljava/lang/String;)Lfr/ybo/moteurcsv/modele/ChampCsv;" line-rate="1.0" branch-rate="1.0">
							<lines>
								<line number="86" hits="214" branch="false"/>
							</lines>
						</method>
						<method name="getClazz" signature="()Ljava/lang/Class;" line-rate="1.0" branch-rate="1.0">
							<lines>
								<line number="100" hits="1" branch="false"/>
							</lines>
						</method>
						<method name="getContructeur" signature="()Ljava/lang/reflect/Constructor;" line-rate="1.0" branch-rate="1.0">
							<lines>
								<line number="107" hits="59" branch="false"/>
							</lines>
						</method>
						<method name="getNomChamps" signature="()Ljava/lang/Iterable;" line-rate="1.0" branch-rate="1.0">
							<lines>
								<line number="93" hits="5" branch="false"/>
							</lines>
						</method>
						<method name="getOrdre" signature="(Ljava/lang/String;)I" line-rate="1.0" branch-rate="1.0">
							<lines>
								<line number="159" hits="58" branch="false"/>
							</lines>
						</method>
						<method name="getSeparateurWithoutEscape" signature="()C" line-rate="1.0" branch-rate="1.0">
							<lines>
								<line number="119" hits="50" branch="true" condition-coverage="100 % (2/2)">
									<conditions>
										<condition number="0" type="jump" coverage="100 %"/>
									</conditions>
								</line>
								<line number="120" hits="24" branch="false"/>
								<line number="122" hits="50" branch="true" condition-coverage="100 % (2/2)">
									<conditions>
										<condition number="0" type="jump" coverage="100 %"/>
									</conditions>
								</line>
								<line number="123" hits="1" branch="false"/>
								<line number="125" hits="49" branch="false"/>
							</lines>
						</method>
						<method name="putOrdre" signature="(Ljava/lang/String;I)V" line-rate="1.0" branch-rate="1.0">
							<lines>
								<line number="148" hits="183" branch="false"/>
								<line number="149" hits="183" branch="false"/>
							</lines>
						</method>
						<method name="setChampCsv" signature="(Ljava/lang/String;Lfr/ybo/moteurcsv/modele/ChampCsv;)V" line-rate="1.0" branch-rate="1.0">
							<lines>
								<line number="136" hits="183" branch="false"/>
								<line number="137" hits="183" branch="false"/>
							</lines>
						</method>
					</methods>
					<lines>
						<line number="51" hits="78" branch="false"/>
						<line number="56" hits="78" branch="false"/>
						<line number="66" hits="78" branch="false"/>
						<line number="67" hits="78" branch="false"/>
						<line number="68" hits="78" branch="false"/>
						<line number="70" hits="78" branch="false"/>
						<line number="71" hits="77" branch="false"/>
						<line number="72" hits="1" branch="false"/>
						<line number="73" hits="1" branch="false"/>
						<line number="75" hits="77" branch="false"/>
						<line number="76" hits="77" branch="false"/>
						<line number="86" hits="214" branch="false"/>
						<line number="93" hits="5" branch="false"/>
						<line number="100" hits="1" branch="false"/>
						<line number="107" hits="59" branch="false"/>
						<line number="113" hits="78" branch="false"/>
						<line number="119" hits="50" branch="true" condition-coverage="100 % (2/2)">
							<conditions>
								<condition number="0" type="jump" coverage="100 %"/>
							</conditions>
						</line>
						<line number="120" hits="24" branch="false"/>
						<line number="122" hits="50" branch="true" condition-coverage="100 % (2/2)">
							<conditions>
								<condition number="0" type="jump" coverage="100 %"/>
							</conditions>
						</line>
						<line number="123" hits="1" branch="false"/>
						<line number="125" hits="49" branch="false"/>
						<line number="136" hits="183" branch="false"/>
						<line number="137" hits="183" branch="false"/>
						<line number="148" hits="183" branch="false"/>
						<line number="149" hits="183" branch="false"/>
						<line number="159" hits="58" branch="false"/>
					</lines>
				</class>
				<class name="fr.ybo.moteurcsv.modele.ClassWithParamKey" filename="fr/ybo/moteurcsv/modele/ClassWithParamKey.java" line-rate="1.0" branch-rate="0.6666666666666666" complexity="1.5">
					<methods>
						<method name="&lt;init&gt;" signature="([Lfr/ybo/moteurcsv/annotation/Param;Ljava/lang/Class;)V" line-rate="1.0" branch-rate="1.0">
							<lines>
								<line number="50" hits="200" branch="false"/>
								<line number="51" hits="200" branch="false"/>
								<line number="52" hits="200" branch="false"/>
								<line number="53" hits="200" branch="false"/>
							</lines>
						</method>
						<method name="equals" signature="(Ljava/lang/Object;)Z" line-rate="1.0" branch-rate="0.5">
							<lines>
								<line number="79" hits="378" branch="false"/>
								<line number="80" hits="378" branch="true" condition-coverage="50 % (2/4)">
									<conditions>
										<condition number="0" type="jump" coverage="50 %"/>
										<condition number="1" type="jump" coverage="50 %"/>
									</conditions>
								</line>
							</lines>
						</method>
						<method name="getMapParams" signature="()Ljava/util/Map;" line-rate="1.0" branch-rate="1.0">
							<lines>
								<line number="61" hits="10" branch="false"/>
								<line number="62" hits="12" branch="true" condition-coverage="100 % (2/2)">
									<conditions>
										<condition number="0" type="jump" coverage="100 %"/>
									</conditions>
								</line>
								<line number="63" hits="2" branch="false"/>
								<line number="65" hits="10" branch="false"/>
							</lines>
						</method>
						<method name="hashCode" signature="()I" line-rate="1.0" branch-rate="1.0">
							<lines>
								<line number="70" hits="405" branch="false"/>
								<line number="71" hits="405" branch="false"/>
								<line number="72" hits="405" branch="false"/>
								<line number="73" hits="405" branch="false"/>
								<line number="74" hits="405" branch="false"/>
							</lines>
						</method>
					</methods>
					<lines>
						<line number="50" hits="200" branch="false"/>
						<line number="51" hits="200" branch="false"/>
						<line number="52" hits="200" branch="false"/>
						<line number="53" hits="200" branch="false"/>
						<line number="61" hits="10" branch="false"/>
						<line number="62" hits="12" branch="true" condition-coverage="100 % (2/2)">
							<conditions>
								<condition number="0" type="jump" coverage="100 %"/>
							</conditions>
						</line>
						<line number="63" hits="2" branch="false"/>
						<line number="65" hits="10" branch="false"/>
						<line number="70" hits="405" branch="false"/>
						<line number="71" hits="405" branch="false"/>
						<line number="72" hits="405" branch="false"/>
						<line number="73" hits="405" branch="false"/>
						<line number="74" hits="405" branch="false"/>
						<line number="79" hits="378" branch="false"/>
						<line number="80" hits="378" branch="true" condition-coverage="50 % (2/4)">
							<conditions>
								<condition number="0" type="jump" coverage="50 %"/>
								<condition number="1" type="jump" coverage="50 %"/>
							</conditions>
						</line>
					</lines>
				</class>
				<class name="fr.ybo.moteurcsv.modele.Erreur" filename="fr/ybo/moteurcsv/modele/Erreur.java" line-rate="1.0" branch-rate="1.0" complexity="1.3333333333333333">
					<methods>
						<method name="&lt;init&gt;" signature="()V" line-rate="1.0" branch-rate="1.0">
							<lines>
								<line number="28" hits="23" branch="false"/>
							</lines>
						</method>
						<method name="getLigneCsv" signature="()Ljava/lang/String;" line-rate="1.0" branch-rate="1.0">
							<lines>
								<line number="39" hits="14" branch="false"/>
							</lines>
						</method>
						<method name="getMessages" signature="()Ljava/util/List;" line-rate="1.0" branch-rate="1.0">
							<lines>
								<line number="59" hits="74" branch="true" condition-coverage="100 % (2/2)">
									<conditions>
										<condition number="0" type="jump" coverage="100 %"/>
									</conditions>
								</line>
								<line number="60" hits="23" branch="false"/>
								<line number="62" hits="74" branch="false"/>
							</lines>
						</method>
						<method name="setLigneCsv" signature="(Ljava/lang/String;)V" line-rate="1.0" branch-rate="1.0">
							<lines>
								<line number="47" hits="23" branch="false"/>
								<line number="48" hits="23" branch="false"/>
							</lines>
						</method>
					</methods>
					<lines>
						<line number="28" hits="23" branch="false"/>
						<line number="39" hits="14" branch="false"/>
						<line number="47" hits="23" branch="false"/>
						<line number="48" hits="23" branch="false"/>
						<line number="59" hits="74" branch="true" condition-coverage="100 % (2/2)">
							<conditions>
								<condition number="0" type="jump" coverage="100 %"/>
							</conditions>
						</line>
						<line number="60" hits="23" branch="false"/>
						<line number="62" hits="74" branch="false"/>
					</lines>
				</class>
				<class name="fr.ybo.moteurcsv.modele.InsertInList" filename="fr/ybo/moteurcsv/modele/InsertInList.java" line-rate="1.0" branch-rate="1.0" complexity="1.0">
					<methods>
						<method name="&lt;init&gt;" signature="(Ljava/util/List;)V" line-rate="1.0" branch-rate="1.0">
							<lines>
								<line number="42" hits="20" branch="false"/>
								<line number="43" hits="20" branch="false"/>
								<line number="44" hits="20" branch="false"/>
							</lines>
						</method>
						<method name="insertObject" signature="(Ljava/lang/Object;)V" line-rate="1.0" branch-rate="1.0">
							<lines>
								<line number="53" hits="35" branch="false"/>
								<line number="54" hits="35" branch="false"/>
							</lines>
						</method>
					</methods>
					<lines>
						<line number="42" hits="20" branch="false"/>
						<line number="43" hits="20" branch="false"/>
						<line number="44" hits="20" branch="false"/>
						<line number="53" hits="35" branch="false"/>
						<line number="54" hits="35" branch="false"/>
					</lines>
				</class>
				<class name="fr.ybo.moteurcsv.modele.InsertObject" filename="fr/ybo/moteurcsv/modele/InsertObject.java" line-rate="1.0" branch-rate="1.0" complexity="1.0">
					<methods>
					</methods>
					<lines>
					</lines>
				</class>
				<class name="fr.ybo.moteurcsv.modele.Parametre" filename="fr/ybo/moteurcsv/modele/Parametre.java" line-rate="1.0" branch-rate="0.6666666666666666" complexity="1.3333333333333333">
					<methods>
						<method name="&lt;init&gt;" signature="(Lfr/ybo/moteurcsv/annotation/Param;)V" line-rate="1.0" branch-rate="1.0">
							<lines>
								<line number="55" hits="6" branch="false"/>
								<line number="56" hits="6" branch="false"/>
								<line number="57" hits="6" branch="false"/>
								<line number="58" hits="6" branch="false"/>
							</lines>
						</method>
						<method name="equals" signature="(Ljava/lang/Object;)Z" line-rate="1.0" branch-rate="0.5">
							<lines>
								<line number="87" hits="8" branch="false"/>
								<line number="88" hits="8" branch="true" condition-coverage="50 % (2/4)">
									<conditions>
										<condition number="0" type="jump" coverage="50 %"/>
										<condition number="1" type="jump" coverage="50 %"/>
									</conditions>
								</line>
							</lines>
						</method>
						<method name="getName" signature="()Ljava/lang/String;" line-rate="1.0" branch-rate="1.0">
							<lines>
								<line number="39" hits="2" branch="false"/>
							</lines>
						</method>
						<method name="getValue" signature="()Ljava/lang/String;" line-rate="1.0" branch-rate="1.0">
							<lines>
								<line number="46" hits="2" branch="false"/>
							</lines>
						</method>
						<method name="hashCode" signature="()I" line-rate="1.0" branch-rate="1.0">
							<lines>
								<line number="78" hits="12" branch="false"/>
								<line number="79" hits="12" branch="false"/>
								<line number="80" hits="12" branch="false"/>
								<line number="81" hits="12" branch="false"/>
								<line number="82" hits="12" branch="false"/>
							</lines>
						</method>
						<method name="paramsToParametres" signature="([Lfr/ybo/moteurcsv/annotation/Param;)[Lfr/ybo/moteurcsv/modele/Parametre;" line-rate="1.0" branch-rate="1.0">
							<lines>
								<line number="69" hits="200" branch="false"/>
								<line number="70" hits="206" branch="true" condition-coverage="100 % (2/2)">
									<conditions>
										<condition number="0" type="jump" coverage="100 %"/>
									</conditions>
								</line>
								<line number="71" hits="6" branch="false"/>
								<line number="73" hits="200" branch="false"/>
							</lines>
						</method>
					</methods>
					<lines>
						<line number="39" hits="2" branch="false"/>
						<line number="46" hits="2" branch="false"/>
						<line number="55" hits="6" branch="false"/>
						<line number="56" hits="6" branch="false"/>
						<line number="57" hits="6" branch="false"/>
						<line number="58" hits="6" branch="false"/>
						<line number="69" hits="200" branch="false"/>
						<line number="70" hits="206" branch="true" condition-coverage="100 % (2/2)">
							<conditions>
								<condition number="0" type="jump" coverage="100 %"/>
							</conditions>
						</line>
						<line number="71" hits="6" branch="false"/>
						<line number="73" hits="200" branch="false"/>
						<line number="78" hits="12" branch="false"/>
						<line number="79" hits="12" branch="false"/>
						<line number="80" hits="12" branch="false"/>
						<line number="81" hits="12" branch="false"/>
						<line number="82" hits="12" branch="false"/>
						<line number="87" hits="8" branch="false"/>
						<line number="88" hits="8" branch="true" condition-coverage="50 % (2/4)">
							<conditions>
								<condition number="0" type="jump" coverage="50 %"/>
								<condition number="1" type="jump" coverage="50 %"/>
							</conditions>
						</line>
					</lines>
				</class>
				<class name="fr.ybo.moteurcsv.modele.ParametresMoteur" filename="fr/ybo/moteurcsv/modele/ParametresMoteur.java" line-rate="1.0" branch-rate="1.0" complexity="1.0">
					<methods>
						<method name="&lt;init&gt;" signature="()V" line-rate="1.0" branch-rate="1.0">
							<lines>
								<line number="25" hits="42" branch="false"/>
								<line number="30" hits="42" branch="false"/>
								<line number="35" hits="42" branch="false"/>
								<line number="40" hits="42" branch="false"/>
							</lines>
						</method>
						<method name="createBuilder" signature="()Lfr/ybo/moteurcsv/modele/ParametresMoteurBuilder;" line-rate="1.0" branch-rate="1.0">
							<lines>
								<line number="48" hits="21" branch="false"/>
							</lines>
						</method>
						<method name="getNbLinesWithErrorsToStop" signature="()I" line-rate="1.0" branch-rate="1.0">
							<lines>
								<line number="73" hits="43" branch="false"/>
							</lines>
						</method>
						<method name="hasAddQuoteCar" signature="()Z" line-rate="1.0" branch-rate="1.0">
							<lines>
								<line number="91" hits="5" branch="false"/>
							</lines>
						</method>
						<method name="hasValidation" signature="()Z" line-rate="1.0" branch-rate="1.0">
							<lines>
								<line number="55" hits="172" branch="false"/>
							</lines>
						</method>
						<method name="setAddQuoteCar" signature="(Z)V" line-rate="1.0" branch-rate="1.0">
							<lines>
								<line number="102" hits="2" branch="false"/>
								<line number="103" hits="2" branch="false"/>
							</lines>
						</method>
						<method name="setNbLinesWithErrorsToStop" signature="(I)V" line-rate="1.0" branch-rate="1.0">
							<lines>
								<line number="84" hits="19" branch="false"/>
								<line number="85" hits="19" branch="false"/>
							</lines>
						</method>
						<method name="setValidation" signature="(Z)V" line-rate="1.0" branch-rate="1.0">
							<lines>
								<line number="66" hits="19" branch="false"/>
								<line number="67" hits="19" branch="false"/>
							</lines>
						</method>
					</methods>
					<lines>
						<line number="25" hits="42" branch="false"/>
						<line number="30" hits="42" branch="false"/>
						<line number="35" hits="42" branch="false"/>
						<line number="40" hits="42" branch="false"/>
						<line number="48" hits="21" branch="false"/>
						<line number="55" hits="172" branch="false"/>
						<line number="66" hits="19" branch="false"/>
						<line number="67" hits="19" branch="false"/>
						<line number="73" hits="43" branch="false"/>
						<line number="84" hits="19" branch="false"/>
						<line number="85" hits="19" branch="false"/>
						<line number="91" hits="5" branch="false"/>
						<line number="102" hits="2" branch="false"/>
						<line number="103" hits="2" branch="false"/>
					</lines>
				</class>
				<class name="fr.ybo.moteurcsv.modele.ParametresMoteurBuilder" filename="fr/ybo/moteurcsv/modele/ParametresMoteurBuilder.java" line-rate="1.0" branch-rate="1.0" complexity="1.0">
					<methods>
						<method name="&lt;init&gt;" signature="()V" line-rate="1.0" branch-rate="1.0">
							<lines>
								<line number="30" hits="21" branch="false"/>
								<line number="36" hits="21" branch="false"/>
								<line number="37" hits="21" branch="false"/>
							</lines>
						</method>
						<method name="build" signature="()Lfr/ybo/moteurcsv/modele/ParametresMoteur;" line-rate="1.0" branch-rate="1.0">
							<lines>
								<line number="83" hits="21" branch="false"/>
							</lines>
						</method>
						<method name="setAddQuoteCar" signature="(Z)Lfr/ybo/moteurcsv/modele/ParametresMoteurBuilder;" line-rate="1.0" branch-rate="1.0">
							<lines>
								<line number="73" hits="2" branch="false"/>
								<line number="74" hits="2" branch="false"/>
							</lines>
						</method>
						<method name="setNbLinesWithErrorsToStop" signature="(I)Lfr/ybo/moteurcsv/modele/ParametresMoteurBuilder;" line-rate="1.0" branch-rate="1.0">
							<lines>
								<line number="60" hits="19" branch="false"/>
								<line number="61" hits="19" branch="false"/>
							</lines>
						</method>
						<method name="setValidation" signature="(Z)Lfr/ybo/moteurcsv/modele/ParametresMoteurBuilder;" line-rate="1.0" branch-rate="1.0">
							<lines>
								<line number="47" hits="18" branch="false"/>
								<line number="48" hits="18" branch="false"/>
							</lines>
						</method>
					</methods>
					<lines>
						<line number="30" hits="21" branch="false"/>
						<line number="36" hits="21" branch="false"/>
						<line number="37" hits="21" branch="false"/>
						<line number="47" hits="18" branch="false"/>
						<line number="48" hits="18" branch="false"/>
						<line number="60" hits="19" branch="false"/>
						<line number="61" hits="19" branch="false"/>
						<line number="73" hits="2" branch="false"/>
						<line number="74" hits="2" branch="false"/>
						<line number="83" hits="21" branch="false"/>
					</lines>
				</class>
				<class name="fr.ybo.moteurcsv.modele.Resultat" filename="fr/ybo/moteurcsv/modele/Resultat.java" line-rate="1.0" branch-rate="1.0" complexity="2.0">
					<methods>
						<method name="&lt;init&gt;" signature="()V" line-rate="1.0" branch-rate="1.0">
							<lines>
								<line number="34" hits="20" branch="false"/>
							</lines>
						</method>
						<method name="getErreurs" signature="()Ljava/util/List;" line-rate="1.0" branch-rate="1.0">
							<lines>
								<line number="60" hits="43" branch="true" condition-coverage="100 % (2/2)">
									<conditions>
										<condition number="0" type="jump" coverage="100 %"/>
									</conditions>
								</line>
								<line number="61" hits="20" branch="false"/>
								<line number="63" hits="43" branch="false"/>
							</lines>
						</method>
						<method name="getObjets" signature="()Ljava/util/List;" line-rate="1.0" branch-rate="1.0">
							<lines>
								<line number="50" hits="40" branch="true" condition-coverage="100 % (2/2)">
									<conditions>
										<condition number="0" type="jump" coverage="100 %"/>
									</conditions>
								</line>
								<line number="51" hits="20" branch="false"/>
								<line number="53" hits="40" branch="false"/>
							</lines>
						</method>
					</methods>
					<lines>
						<line number="34" hits="20" branch="false"/>
						<line number="50" hits="40" branch="true" condition-coverage="100 % (2/2)">
							<conditions>
								<condition number="0" type="jump" coverage="100 %"/>
							</conditions>
						</line>
						<line number="51" hits="20" branch="false"/>
						<line number="53" hits="40" branch="false"/>
						<line number="60" hits="43" branch="true" condition-coverage="100 % (2/2)">
							<conditions>
								<condition number="0" type="jump" coverage="100 %"/>
							</conditions>
						</line>
						<line number="61" hits="20" branch="false"/>
						<line number="63" hits="43" branch="false"/>
					</lines>
				</class>
			</classes>
		</package>
		<package name="fr.ybo.moteurcsv.validator" line-rate="1.0" branch-rate="1.0" complexity="1.6666666666666667">
			<classes>
				<class name="fr.ybo.moteurcsv.validator.ErreurValidation" filename="fr/ybo/moteurcsv/validator/ErreurValidation.java" line-rate="1.0" branch-rate="1.0" complexity="1.0">
					<methods>
						<method name="&lt;init&gt;" signature="(Ljava/lang/String;)V" line-rate="1.0" branch-rate="1.0">
							<lines>
								<line number="46" hits="23" branch="false"/>
								<line number="47" hits="23" branch="false"/>
								<line number="48" hits="23" branch="false"/>
								<line number="49" hits="23" branch="false"/>
							</lines>
						</method>
						<method name="getErreur" signature="()Lfr/ybo/moteurcsv/modele/Erreur;" line-rate="1.0" branch-rate="1.0">
							<lines>
								<line number="55" hits="50" branch="false"/>
							</lines>
						</method>
					</methods>
					<lines>
						<line number="46" hits="23" branch="false"/>
						<line number="47" hits="23" branch="false"/>
						<line number="48" hits="23" branch="false"/>
						<line number="49" hits="23" branch="false"/>
						<line number="55" hits="50" branch="false"/>
					</lines>
				</class>
				<class name="fr.ybo.moteurcsv.validator.ValidateException" filename="fr/ybo/moteurcsv/validator/ValidateException.java" line-rate="1.0" branch-rate="1.0" complexity="1.0">
					<methods>
						<method name="&lt;init&gt;" signature="(Ljava/lang/String;)V" line-rate="1.0" branch-rate="1.0">
							<lines>
								<line number="53" hits="26" branch="false"/>
								<line number="54" hits="26" branch="false"/>
							</lines>
						</method>
						<method name="&lt;init&gt;" signature="(Ljava/lang/String;Ljava/lang/Throwable;)V" line-rate="1.0" branch-rate="1.0">
							<lines>
								<line number="42" hits="1" branch="false"/>
								<line number="43" hits="1" branch="false"/>
							</lines>
						</method>
					</methods>
					<lines>
						<line number="42" hits="1" branch="false"/>
						<line number="43" hits="1" branch="false"/>
						<line number="53" hits="26" branch="false"/>
						<line number="54" hits="26" branch="false"/>
					</lines>
				</class>
				<class name="fr.ybo.moteurcsv.validator.ValidatorCsv" filename="fr/ybo/moteurcsv/validator/ValidatorCsv.java" line-rate="1.0" branch-rate="1.0" complexity="1.0">
					<methods>
						<method name="&lt;init&gt;" signature="()V" line-rate="1.0" branch-rate="1.0">
							<lines>
								<line number="29" hits="4" branch="false"/>
							</lines>
						</method>
						<method name="addParams" signature="(Ljava/util/Map;)V" line-rate="1.0" branch-rate="1.0">
							<lines>
								<line number="41" hits="4" branch="false"/>
							</lines>
						</method>
					</methods>
					<lines>
						<line number="29" hits="4" branch="false"/>
						<line number="41" hits="4" branch="false"/>
					</lines>
				</class>
				<class name="fr.ybo.moteurcsv.validator.ValidatorEmail" filename="fr/ybo/moteurcsv/validator/ValidatorEmail.java" line-rate="1.0" branch-rate="1.0" complexity="1.0">
					<methods>
						<method name="&lt;init&gt;" signature="()V" line-rate="1.0" branch-rate="1.0">
							<lines>
								<line number="27" hits="1" branch="false"/>
							</lines>
						</method>
						<method name="addParams" signature="(Ljava/util/Map;)V" line-rate="1.0" branch-rate="1.0">
							<lines>
								<line number="41" hits="1" branch="false"/>
								<line number="42" hits="1" branch="false"/>
								<line number="43" hits="1" branch="false"/>
							</lines>
						</method>
					</methods>
					<lines>
						<line number="27" hits="1" branch="false"/>
						<line number="41" hits="1" branch="false"/>
						<line number="42" hits="1" branch="false"/>
						<line number="43" hits="1" branch="false"/>
					</lines>
				</class>
				<class name="fr.ybo.moteurcsv.validator.ValidatorRegExp" filename="fr/ybo/moteurcsv/validator/ValidatorRegExp.java" line-rate="1.0" branch-rate="1.0" complexity="4.0">
					<methods>
						<method name="&lt;init&gt;" signature="()V" line-rate="1.0" branch-rate="1.0">
							<lines>
								<line number="33" hits="3" branch="false"/>
							</lines>
						</method>
						<method name="addParams" signature="(Ljava/util/Map;)V" line-rate="1.0" branch-rate="1.0">
							<lines>
								<line number="52" hits="3" branch="false"/>
								<line number="53" hits="3" branch="true" condition-coverage="100 % (2/2)">
									<conditions>
										<condition number="0" type="jump" coverage="100 %"/>
									</conditions>
								</line>
								<line number="54" hits="1" branch="false"/>
								<line number="57" hits="2" branch="false"/>
								<line number="58" hits="1" branch="false"/>
								<line number="59" hits="1" branch="false"/>
								<line number="60" hits="1" branch="false"/>
								<line number="61" hits="1" branch="false"/>
							</lines>
						</method>
						<method name="validate" signature="(Ljava/lang/String;)V" line-rate="1.0" branch-rate="1.0">
							<lines>
								<line number="68" hits="4" branch="true" condition-coverage="100 % (2/2)">
									<conditions>
										<condition number="0" type="jump" coverage="100 %"/>
									</conditions>
								</line>
								<line number="69" hits="3" branch="false"/>
								<line number="71" hits="1" branch="false"/>
							</lines>
						</method>
					</methods>
					<lines>
						<line number="33" hits="3" branch="false"/>
						<line number="52" hits="3" branch="false"/>
						<line number="53" hits="3" branch="true" condition-coverage="100 % (2/2)">
							<conditions>
								<condition number="0" type="jump" coverage="100 %"/>
							</conditions>
						</line>
						<line number="54" hits="1" branch="false"/>
						<line number="57" hits="2" branch="false"/>
						<line number="58" hits="1" branch="false"/>
						<line number="59" hits="1" branch="false"/>
						<line number="60" hits="1" branch="false"/>
						<line number="61" hits="1" branch="false"/>
						<line number="68" hits="4" branch="true" condition-coverage="100 % (2/2)">
							<conditions>
								<condition number="0" type="jump" coverage="100 %"/>
							</conditions>
						</line>
						<line number="69" hits="3" branch="false"/>
						<line number="71" hits="1" branch="false"/>
					</lines>
				</class>
			</classes>
		</package>
	</packages>
</coverage>
