<?xml version="1.0"?>
<!DOCTYPE coverage SYSTEM "http://cobertura.sourceforge.net/xml/coverage-04.dtd">

<coverage line-rate="0.94" branch-rate="0.7741935483870968" lines-covered="188" lines-valid="200" branches-covered="48" branches-valid="62" complexity="1.9622641509433962" version="1.9.4.1" timestamp="1329750043607">
	<sources>
		<source>--source</source>
		<source>/scratch/hudson/workspace/MoteurCsv-deploySnapshot/src/main/java</source>
	</sources>
	<packages>
		<package name="fr.ybo.moteurcsv" line-rate="0.97" branch-rate="0.8571428571428571" complexity="4.090909090909091">
			<classes>
				<class name="fr.ybo.moteurcsv.MoteurCsv" filename="fr/ybo/moteurcsv/MoteurCsv.java" line-rate="0.96875" branch-rate="0.868421052631579" complexity="4.090909090909091">
					<methods>
						<method name="&lt;clinit&gt;" signature="()V" line-rate="1.0" branch-rate="1.0">
							<lines>
								<line number="68" hits="1" branch="false"/>
							</lines>
						</method>
						<method name="&lt;init&gt;" signature="([Ljava/lang/Class;)V" line-rate="1.0" branch-rate="1.0">
							<lines>
								<line number="73" hits="6" branch="false"/>
								<line number="106" hits="6" branch="false"/>
								<line number="107" hits="6" branch="false"/>
								<line number="108" hits="18" branch="true" condition-coverage="100 % (2/2)">
									<conditions>
										<condition number="0" type="jump" coverage="100 %"/>
									</conditions>
								</line>
								<line number="109" hits="12" branch="false"/>
								<line number="111" hits="6" branch="false"/>
							</lines>
						</method>
						<method name="closeLecteurCourant" signature="()V" line-rate="0.7142857142857143" branch-rate="0.5">
							<lines>
								<line number="183" hits="3" branch="true" condition-coverage="50 % (1/2)">
									<conditions>
										<condition number="0" type="jump" coverage="50 %"/>
									</conditions>
								</line>
								<line number="185" hits="3" branch="false"/>
								<line number="186" hits="0" branch="false"/>
								<line number="187" hits="0" branch="false"/>
								<line number="188" hits="3" branch="false"/>
								<line number="189" hits="3" branch="false"/>
								<line number="191" hits="3" branch="false"/>
							</lines>
						</method>
						<method name="creerObjet" signature="()Ljava/lang/Object;" line-rate="1.0" branch-rate="0.8333333333333334">
							<lines>
								<line number="125" hits="19" branch="true" condition-coverage="100 % (2/2)">
									<conditions>
										<condition number="0" type="jump" coverage="100 %"/>
									</conditions>
								</line>
								<line number="126" hits="1" branch="false"/>
								<line number="129" hits="18" branch="false"/>
								<line number="131" hits="18" branch="false"/>
								<line number="132" hits="17" branch="true" condition-coverage="100 % (2/2)">
									<conditions>
										<condition number="0" type="jump" coverage="100 %"/>
									</conditions>
								</line>
								<line number="133" hits="3" branch="false"/>
								<line number="135" hits="14" branch="false"/>
								<line number="136" hits="98" branch="true" condition-coverage="100 % (2/2)">
									<conditions>
										<condition number="0" type="jump" coverage="100 %"/>
									</conditions>
								</line>
								<line number="137" hits="84" branch="false"/>
								<line number="138" hits="84" branch="true" condition-coverage="75 % (3/4)">
									<conditions>
										<condition number="0" type="jump" coverage="50 %"/>
										<condition number="1" type="jump" coverage="100 %"/>
									</conditions>
								</line>
								<line number="139" hits="72" branch="false"/>
								<line number="140" hits="72" branch="false"/>
								<line number="141" hits="72" branch="true" condition-coverage="50 % (1/2)">
									<conditions>
										<condition number="0" type="jump" coverage="50 %"/>
									</conditions>
								</line>
								<line number="142" hits="72" branch="false"/>
								<line number="143" hits="72" branch="false"/>
								<line number="144" hits="72" branch="false"/>
								<line number="148" hits="14" branch="false"/>
								<line number="149" hits="1" branch="false"/>
								<line number="150" hits="1" branch="false"/>
							</lines>
						</method>
						<method name="nouveauFichier" signature="(Ljava/io/Reader;Ljava/lang/Class;)V" line-rate="0.9090909090909091" branch-rate="0.75">
							<lines>
								<line number="164" hits="6" branch="false"/>
								<line number="165" hits="6" branch="true" condition-coverage="100 % (2/2)">
									<conditions>
										<condition number="0" type="jump" coverage="100 %"/>
									</conditions>
								</line>
								<line number="166" hits="1" branch="false"/>
								<line number="168" hits="5" branch="false"/>
								<line number="170" hits="5" branch="false"/>
								<line number="171" hits="1" branch="false"/>
								<line number="172" hits="1" branch="false"/>
								<line number="173" hits="4" branch="false"/>
								<line number="174" hits="4" branch="true" condition-coverage="50 % (1/2)">
									<conditions>
										<condition number="0" type="jump" coverage="50 %"/>
									</conditions>
								</line>
								<line number="175" hits="0" branch="false"/>
								<line number="177" hits="4" branch="false"/>
							</lines>
						</method>
						<method name="parseFileAndInsert" signature="(Ljava/io/Reader;Ljava/lang/Class;Lfr/ybo/moteurcsv/modele/InsertObject;)V" line-rate="1.0" branch-rate="1.0">
							<lines>
								<line number="228" hits="3" branch="false"/>
								<line number="229" hits="3" branch="false"/>
								<line number="230" hits="17" branch="true" condition-coverage="100 % (2/2)">
									<conditions>
										<condition number="0" type="jump" coverage="100 %"/>
									</conditions>
								</line>
								<line number="231" hits="14" branch="false"/>
								<line number="232" hits="14" branch="false"/>
								<line number="234" hits="3" branch="false"/>
								<line number="235" hits="3" branch="false"/>
							</lines>
						</method>
						<method name="parseInputStream" signature="(Ljava/io/InputStream;Ljava/lang/Class;)Ljava/util/List;" line-rate="1.0" branch-rate="1.0">
							<lines>
								<line number="207" hits="3" branch="false"/>
								<line number="208" hits="3" branch="false"/>
								<line number="210" hits="3" branch="false"/>
							</lines>
						</method>
						<method name="scannerClass" signature="(Ljava/lang/Class;)V" line-rate="1.0" branch-rate="0.875">
							<lines>
								<line number="244" hits="13" branch="false"/>
								<line number="245" hits="13" branch="true" condition-coverage="100 % (2/2)">
									<conditions>
										<condition number="0" type="jump" coverage="100 %"/>
									</conditions>
								</line>
								<line number="246" hits="1" branch="false"/>
								<line number="248" hits="12" branch="true" condition-coverage="100 % (2/2)">
									<conditions>
										<condition number="0" type="jump" coverage="100 %"/>
									</conditions>
								</line>
								<line number="249" hits="6" branch="false"/>
								<line number="251" hits="6" branch="false"/>
								<line number="252" hits="42" branch="true" condition-coverage="100 % (2/2)">
									<conditions>
										<condition number="0" type="jump" coverage="100 %"/>
									</conditions>
								</line>
								<line number="253" hits="36" branch="false"/>
								<line number="254" hits="36" branch="true" condition-coverage="50 % (1/2)">
									<conditions>
										<condition number="0" type="jump" coverage="50 %"/>
									</conditions>
								</line>
								<line number="255" hits="36" branch="false"/>
								<line number="256" hits="36" branch="false"/>
								<line number="259" hits="6" branch="false"/>
								<line number="260" hits="6" branch="false"/>
							</lines>
						</method>
						<method name="setFactory" signature="(Lfr/ybo/moteurcsv/factory/GestionnaireCsvFactory;)V" line-rate="1.0" branch-rate="1.0">
							<lines>
								<line number="97" hits="4" branch="false"/>
								<line number="98" hits="4" branch="false"/>
							</lines>
						</method>
						<method name="writeFile" signature="(Ljava/io/Writer;Ljava/lang/Iterable;Ljava/lang/Class;)V" line-rate="1.0" branch-rate="1.0">
							<lines>
								<line number="309" hits="2" branch="false"/>
								<line number="310" hits="2" branch="false"/>
								<line number="312" hits="2" branch="false"/>
								<line number="313" hits="2" branch="true" condition-coverage="100 % (2/2)">
									<conditions>
										<condition number="0" type="jump" coverage="100 %"/>
									</conditions>
								</line>
								<line number="314" hits="12" branch="false"/>
								<line number="316" hits="2" branch="false"/>
								<line number="323" hits="2" branch="false"/>
								<line number="324" hits="1" branch="true" condition-coverage="100 % (2/2)">
									<conditions>
										<condition number="0" type="jump" coverage="100 %"/>
									</conditions>
								</line>
								<line number="325" hits="7" branch="false"/>
								<line number="328" hits="2" branch="false"/>
								<line number="329" hits="1" branch="false"/>
								<line number="330" hits="1" branch="false"/>
								<line number="331" hits="1" branch="false"/>
								<line number="332" hits="1" branch="false"/>
								<line number="333" hits="1" branch="false"/>
							</lines>
						</method>
						<method name="writeLigne" signature="(Lfr/ybo/moteurcsv/factory/AbstractWriterCsv;Ljava/util/List;Lfr/ybo/moteurcsv/modele/ClassCsv;Ljava/lang/Object;)V" line-rate="1.0" branch-rate="1.0">
							<lines>
								<line number="280" hits="7" branch="false"/>
								<line number="281" hits="7" branch="true" condition-coverage="100 % (2/2)">
									<conditions>
										<condition number="0" type="jump" coverage="100 %"/>
									</conditions>
								</line>
								<line number="282" hits="42" branch="false"/>
								<line number="283" hits="42" branch="false"/>
								<line number="284" hits="42" branch="false"/>
								<line number="285" hits="42" branch="false"/>
								<line number="286" hits="42" branch="true" condition-coverage="100 % (2/2)">
									<conditions>
										<condition number="0" type="jump" coverage="100 %"/>
									</conditions>
								</line>
								<line number="287" hits="36" branch="false"/>
								<line number="289" hits="6" branch="false"/>
								<line number="291" hits="42" branch="false"/>
								<line number="292" hits="7" branch="false"/>
								<line number="293" hits="7" branch="false"/>
							</lines>
						</method>
					</methods>
					<lines>
						<line number="68" hits="1" branch="false"/>
						<line number="73" hits="6" branch="false"/>
						<line number="97" hits="4" branch="false"/>
						<line number="98" hits="4" branch="false"/>
						<line number="106" hits="6" branch="false"/>
						<line number="107" hits="6" branch="false"/>
						<line number="108" hits="18" branch="true" condition-coverage="100 % (2/2)">
							<conditions>
								<condition number="0" type="jump" coverage="100 %"/>
							</conditions>
						</line>
						<line number="109" hits="12" branch="false"/>
						<line number="111" hits="6" branch="false"/>
						<line number="125" hits="19" branch="true" condition-coverage="100 % (2/2)">
							<conditions>
								<condition number="0" type="jump" coverage="100 %"/>
							</conditions>
						</line>
						<line number="126" hits="1" branch="false"/>
						<line number="129" hits="18" branch="false"/>
						<line number="131" hits="18" branch="false"/>
						<line number="132" hits="17" branch="true" condition-coverage="100 % (2/2)">
							<conditions>
								<condition number="0" type="jump" coverage="100 %"/>
							</conditions>
						</line>
						<line number="133" hits="3" branch="false"/>
						<line number="135" hits="14" branch="false"/>
						<line number="136" hits="98" branch="true" condition-coverage="100 % (2/2)">
							<conditions>
								<condition number="0" type="jump" coverage="100 %"/>
							</conditions>
						</line>
						<line number="137" hits="84" branch="false"/>
						<line number="138" hits="84" branch="true" condition-coverage="75 % (3/4)">
							<conditions>
								<condition number="0" type="jump" coverage="50 %"/>
								<condition number="1" type="jump" coverage="100 %"/>
							</conditions>
						</line>
						<line number="139" hits="72" branch="false"/>
						<line number="140" hits="72" branch="false"/>
						<line number="141" hits="72" branch="true" condition-coverage="50 % (1/2)">
							<conditions>
								<condition number="0" type="jump" coverage="50 %"/>
							</conditions>
						</line>
						<line number="142" hits="72" branch="false"/>
						<line number="143" hits="72" branch="false"/>
						<line number="144" hits="72" branch="false"/>
						<line number="148" hits="14" branch="false"/>
						<line number="149" hits="1" branch="false"/>
						<line number="150" hits="1" branch="false"/>
						<line number="164" hits="6" branch="false"/>
						<line number="165" hits="6" branch="true" condition-coverage="100 % (2/2)">
							<conditions>
								<condition number="0" type="jump" coverage="100 %"/>
							</conditions>
						</line>
						<line number="166" hits="1" branch="false"/>
						<line number="168" hits="5" branch="false"/>
						<line number="170" hits="5" branch="false"/>
						<line number="171" hits="1" branch="false"/>
						<line number="172" hits="1" branch="false"/>
						<line number="173" hits="4" branch="false"/>
						<line number="174" hits="4" branch="true" condition-coverage="50 % (1/2)">
							<conditions>
								<condition number="0" type="jump" coverage="50 %"/>
							</conditions>
						</line>
						<line number="175" hits="0" branch="false"/>
						<line number="177" hits="4" branch="false"/>
						<line number="183" hits="3" branch="true" condition-coverage="50 % (1/2)">
							<conditions>
								<condition number="0" type="jump" coverage="50 %"/>
							</conditions>
						</line>
						<line number="185" hits="3" branch="false"/>
						<line number="186" hits="0" branch="false"/>
						<line number="187" hits="0" branch="false"/>
						<line number="188" hits="3" branch="false"/>
						<line number="189" hits="3" branch="false"/>
						<line number="191" hits="3" branch="false"/>
						<line number="207" hits="3" branch="false"/>
						<line number="208" hits="3" branch="false"/>
						<line number="210" hits="3" branch="false"/>
						<line number="228" hits="3" branch="false"/>
						<line number="229" hits="3" branch="false"/>
						<line number="230" hits="17" branch="true" condition-coverage="100 % (2/2)">
							<conditions>
								<condition number="0" type="jump" coverage="100 %"/>
							</conditions>
						</line>
						<line number="231" hits="14" branch="false"/>
						<line number="232" hits="14" branch="false"/>
						<line number="234" hits="3" branch="false"/>
						<line number="235" hits="3" branch="false"/>
						<line number="244" hits="13" branch="false"/>
						<line number="245" hits="13" branch="true" condition-coverage="100 % (2/2)">
							<conditions>
								<condition number="0" type="jump" coverage="100 %"/>
							</conditions>
						</line>
						<line number="246" hits="1" branch="false"/>
						<line number="248" hits="12" branch="true" condition-coverage="100 % (2/2)">
							<conditions>
								<condition number="0" type="jump" coverage="100 %"/>
							</conditions>
						</line>
						<line number="249" hits="6" branch="false"/>
						<line number="251" hits="6" branch="false"/>
						<line number="252" hits="42" branch="true" condition-coverage="100 % (2/2)">
							<conditions>
								<condition number="0" type="jump" coverage="100 %"/>
							</conditions>
						</line>
						<line number="253" hits="36" branch="false"/>
						<line number="254" hits="36" branch="true" condition-coverage="50 % (1/2)">
							<conditions>
								<condition number="0" type="jump" coverage="50 %"/>
							</conditions>
						</line>
						<line number="255" hits="36" branch="false"/>
						<line number="256" hits="36" branch="false"/>
						<line number="259" hits="6" branch="false"/>
						<line number="260" hits="6" branch="false"/>
						<line number="280" hits="7" branch="false"/>
						<line number="281" hits="7" branch="true" condition-coverage="100 % (2/2)">
							<conditions>
								<condition number="0" type="jump" coverage="100 %"/>
							</conditions>
						</line>
						<line number="282" hits="42" branch="false"/>
						<line number="283" hits="42" branch="false"/>
						<line number="284" hits="42" branch="false"/>
						<line number="285" hits="42" branch="false"/>
						<line number="286" hits="42" branch="true" condition-coverage="100 % (2/2)">
							<conditions>
								<condition number="0" type="jump" coverage="100 %"/>
							</conditions>
						</line>
						<line number="287" hits="36" branch="false"/>
						<line number="289" hits="6" branch="false"/>
						<line number="291" hits="42" branch="false"/>
						<line number="292" hits="7" branch="false"/>
						<line number="293" hits="7" branch="false"/>
						<line number="309" hits="2" branch="false"/>
						<line number="310" hits="2" branch="false"/>
						<line number="312" hits="2" branch="false"/>
						<line number="313" hits="2" branch="true" condition-coverage="100 % (2/2)">
							<conditions>
								<condition number="0" type="jump" coverage="100 %"/>
							</conditions>
						</line>
						<line number="314" hits="12" branch="false"/>
						<line number="316" hits="2" branch="false"/>
						<line number="323" hits="2" branch="false"/>
						<line number="324" hits="1" branch="true" condition-coverage="100 % (2/2)">
							<conditions>
								<condition number="0" type="jump" coverage="100 %"/>
							</conditions>
						</line>
						<line number="325" hits="7" branch="false"/>
						<line number="328" hits="2" branch="false"/>
						<line number="329" hits="1" branch="false"/>
						<line number="330" hits="1" branch="false"/>
						<line number="331" hits="1" branch="false"/>
						<line number="332" hits="1" branch="false"/>
						<line number="333" hits="1" branch="false"/>
					</lines>
				</class>
				<class name="fr.ybo.moteurcsv.MoteurCsv$1" filename="fr/ybo/moteurcsv/MoteurCsv.java" line-rate="1.0" branch-rate="0.75" complexity="4.090909090909091">
					<methods>
						<method name="&lt;init&gt;" signature="(Lfr/ybo/moteurcsv/MoteurCsv;Lfr/ybo/moteurcsv/modele/ClassCsv;)V" line-rate="1.0" branch-rate="1.0">
							<lines>
							</lines>
						</method>
						<method name="compare" signature="(Ljava/lang/Object;Ljava/lang/Object;)I" line-rate="1.0" branch-rate="1.0">
							<lines>
								<line number="316" hits="30" branch="false"/>
							</lines>
						</method>
						<method name="compare" signature="(Ljava/lang/String;Ljava/lang/String;)I" line-rate="1.0" branch-rate="0.75">
							<lines>
								<line number="318" hits="28" branch="false"/>
								<line number="319" hits="28" branch="false"/>
								<line number="320" hits="28" branch="true" condition-coverage="75 % (3/4)">
									<conditions>
										<condition number="0" type="jump" coverage="100 %"/>
										<condition number="1" type="jump" coverage="50 %"/>
									</conditions>
								</line>
							</lines>
						</method>
					</methods>
					<lines>
						<line number="316" hits="30" branch="false"/>
						<line number="318" hits="28" branch="false"/>
						<line number="319" hits="28" branch="false"/>
						<line number="320" hits="28" branch="true" condition-coverage="75 % (3/4)">
							<conditions>
								<condition number="0" type="jump" coverage="100 %"/>
								<condition number="1" type="jump" coverage="50 %"/>
							</conditions>
						</line>
					</lines>
				</class>
			</classes>
		</package>
		<package name="fr.ybo.moteurcsv.adapter" line-rate="0.8787878787878788" branch-rate="0.5" complexity="1.75">
			<classes>
				<class name="fr.ybo.moteurcsv.adapter.AdapterBoolean" filename="fr/ybo/moteurcsv/adapter/AdapterBoolean.java" line-rate="1.0" branch-rate="0.5" complexity="1.5">
					<methods>
						<method name="&lt;init&gt;" signature="()V" line-rate="1.0" branch-rate="1.0">
							<lines>
							</lines>
						</method>
						<method name="parse" signature="(Ljava/lang/String;)Ljava/lang/Boolean;" line-rate="1.0" branch-rate="0.5">
							<lines>
								<line number="39" hits="12" branch="true" condition-coverage="50 % (1/2)">
									<conditions>
										<condition number="0" type="jump" coverage="50 %"/>
									</conditions>
								</line>
							</lines>
						</method>
						<method name="parse" signature="(Ljava/lang/String;)Ljava/lang/Object;" line-rate="1.0" branch-rate="1.0">
							<lines>
								<line number="29" hits="19" branch="false"/>
							</lines>
						</method>
						<method name="toString" signature="(Ljava/lang/Boolean;)Ljava/lang/String;" line-rate="1.0" branch-rate="0.5">
							<lines>
								<line number="54" hits="6" branch="true" condition-coverage="50 % (1/2)">
									<conditions>
										<condition number="0" type="jump" coverage="50 %"/>
									</conditions>
								</line>
							</lines>
						</method>
						<method name="toString" signature="(Ljava/lang/Object;)Ljava/lang/String;" line-rate="1.0" branch-rate="1.0">
							<lines>
							</lines>
						</method>
					</methods>
					<lines>
						<line number="29" hits="19" branch="false"/>
						<line number="39" hits="12" branch="true" condition-coverage="50 % (1/2)">
							<conditions>
								<condition number="0" type="jump" coverage="50 %"/>
							</conditions>
						</line>
						<line number="54" hits="6" branch="true" condition-coverage="50 % (1/2)">
							<conditions>
								<condition number="0" type="jump" coverage="50 %"/>
							</conditions>
						</line>
					</lines>
				</class>
				<class name="fr.ybo.moteurcsv.adapter.AdapterCsv" filename="fr/ybo/moteurcsv/adapter/AdapterCsv.java" line-rate="1.0" branch-rate="1.0" complexity="1.0">
					<methods>
					</methods>
					<lines>
					</lines>
				</class>
				<class name="fr.ybo.moteurcsv.adapter.AdapterDouble" filename="fr/ybo/moteurcsv/adapter/AdapterDouble.java" line-rate="1.0" branch-rate="1.0" complexity="1.0">
					<methods>
						<method name="&lt;init&gt;" signature="()V" line-rate="1.0" branch-rate="1.0">
							<lines>
							</lines>
						</method>
						<method name="parse" signature="(Ljava/lang/String;)Ljava/lang/Double;" line-rate="1.0" branch-rate="1.0">
							<lines>
								<line number="35" hits="12" branch="false"/>
							</lines>
						</method>
						<method name="parse" signature="(Ljava/lang/String;)Ljava/lang/Object;" line-rate="1.0" branch-rate="1.0">
							<lines>
								<line number="25" hits="19" branch="false"/>
							</lines>
						</method>
						<method name="toString" signature="(Ljava/lang/Double;)Ljava/lang/String;" line-rate="1.0" branch-rate="1.0">
							<lines>
								<line number="46" hits="6" branch="false"/>
							</lines>
						</method>
						<method name="toString" signature="(Ljava/lang/Object;)Ljava/lang/String;" line-rate="1.0" branch-rate="1.0">
							<lines>
							</lines>
						</method>
					</methods>
					<lines>
						<line number="25" hits="19" branch="false"/>
						<line number="35" hits="12" branch="false"/>
						<line number="46" hits="6" branch="false"/>
					</lines>
				</class>
				<class name="fr.ybo.moteurcsv.adapter.AdapterInteger" filename="fr/ybo/moteurcsv/adapter/AdapterInteger.java" line-rate="1.0" branch-rate="1.0" complexity="1.0">
					<methods>
						<method name="&lt;init&gt;" signature="()V" line-rate="1.0" branch-rate="1.0">
							<lines>
							</lines>
						</method>
						<method name="parse" signature="(Ljava/lang/String;)Ljava/lang/Integer;" line-rate="1.0" branch-rate="1.0">
							<lines>
								<line number="35" hits="12" branch="false"/>
							</lines>
						</method>
						<method name="parse" signature="(Ljava/lang/String;)Ljava/lang/Object;" line-rate="1.0" branch-rate="1.0">
							<lines>
								<line number="25" hits="19" branch="false"/>
							</lines>
						</method>
						<method name="toString" signature="(Ljava/lang/Integer;)Ljava/lang/String;" line-rate="1.0" branch-rate="1.0">
							<lines>
								<line number="46" hits="6" branch="false"/>
							</lines>
						</method>
						<method name="toString" signature="(Ljava/lang/Object;)Ljava/lang/String;" line-rate="1.0" branch-rate="1.0">
							<lines>
							</lines>
						</method>
					</methods>
					<lines>
						<line number="25" hits="19" branch="false"/>
						<line number="35" hits="12" branch="false"/>
						<line number="46" hits="6" branch="false"/>
					</lines>
				</class>
				<class name="fr.ybo.moteurcsv.adapter.AdapterString" filename="fr/ybo/moteurcsv/adapter/AdapterString.java" line-rate="1.0" branch-rate="1.0" complexity="1.0">
					<methods>
						<method name="&lt;init&gt;" signature="()V" line-rate="1.0" branch-rate="1.0">
							<lines>
							</lines>
						</method>
						<method name="parse" signature="(Ljava/lang/String;)Ljava/lang/Object;" line-rate="1.0" branch-rate="1.0">
							<lines>
								<line number="25" hits="37" branch="false"/>
							</lines>
						</method>
						<method name="parse" signature="(Ljava/lang/String;)Ljava/lang/String;" line-rate="1.0" branch-rate="1.0">
							<lines>
								<line number="35" hits="24" branch="false"/>
							</lines>
						</method>
						<method name="toString" signature="(Ljava/lang/Object;)Ljava/lang/String;" line-rate="1.0" branch-rate="1.0">
							<lines>
							</lines>
						</method>
						<method name="toString" signature="(Ljava/lang/String;)Ljava/lang/String;" line-rate="1.0" branch-rate="1.0">
							<lines>
								<line number="46" hits="12" branch="false"/>
							</lines>
						</method>
					</methods>
					<lines>
						<line number="25" hits="37" branch="false"/>
						<line number="35" hits="24" branch="false"/>
						<line number="46" hits="12" branch="false"/>
					</lines>
				</class>
				<class name="fr.ybo.moteurcsv.adapter.AdapterTime" filename="fr/ybo/moteurcsv/adapter/AdapterTime.java" line-rate="0.8095238095238095" branch-rate="0.5" complexity="5.0">
					<methods>
						<method name="&lt;init&gt;" signature="()V" line-rate="1.0" branch-rate="1.0">
							<lines>
							</lines>
						</method>
						<method name="parse" signature="(Ljava/lang/String;)Ljava/lang/Integer;" line-rate="0.6666666666666666" branch-rate="0.5">
							<lines>
								<line number="46" hits="12" branch="true" condition-coverage="50 % (1/2)">
									<conditions>
										<condition number="0" type="jump" coverage="50 %"/>
									</conditions>
								</line>
								<line number="47" hits="0" branch="false"/>
								<line number="49" hits="12" branch="false"/>
								<line number="50" hits="12" branch="true" condition-coverage="50 % (1/2)">
									<conditions>
										<condition number="0" type="jump" coverage="50 %"/>
									</conditions>
								</line>
								<line number="51" hits="0" branch="false"/>
								<line number="53" hits="12" branch="false"/>
							</lines>
						</method>
						<method name="parse" signature="(Ljava/lang/String;)Ljava/lang/Object;" line-rate="1.0" branch-rate="1.0">
							<lines>
								<line number="26" hits="19" branch="false"/>
							</lines>
						</method>
						<method name="toString" signature="(Ljava/lang/Integer;)Ljava/lang/String;" line-rate="0.8571428571428571" branch-rate="0.5">
							<lines>
								<line number="65" hits="6" branch="true" condition-coverage="50 % (1/2)">
									<conditions>
										<condition number="0" type="jump" coverage="50 %"/>
									</conditions>
								</line>
								<line number="66" hits="0" branch="false"/>
								<line number="68" hits="6" branch="false"/>
								<line number="69" hits="6" branch="false"/>
								<line number="70" hits="6" branch="false"/>
								<line number="71" hits="6" branch="true" condition-coverage="50 % (1/2)">
									<conditions>
										<condition number="0" type="jump" coverage="50 %"/>
									</conditions>
								</line>
								<line number="72" hits="6" branch="false"/>
								<line number="74" hits="6" branch="false"/>
								<line number="75" hits="6" branch="false"/>
								<line number="76" hits="6" branch="true" condition-coverage="50 % (1/2)">
									<conditions>
										<condition number="0" type="jump" coverage="50 %"/>
									</conditions>
								</line>
								<line number="77" hits="0" branch="false"/>
								<line number="79" hits="6" branch="false"/>
								<line number="80" hits="6" branch="false"/>
								<line number="81" hits="6" branch="false"/>
							</lines>
						</method>
						<method name="toString" signature="(Ljava/lang/Object;)Ljava/lang/String;" line-rate="1.0" branch-rate="1.0">
							<lines>
							</lines>
						</method>
					</methods>
					<lines>
						<line number="26" hits="19" branch="false"/>
						<line number="46" hits="12" branch="true" condition-coverage="50 % (1/2)">
							<conditions>
								<condition number="0" type="jump" coverage="50 %"/>
							</conditions>
						</line>
						<line number="47" hits="0" branch="false"/>
						<line number="49" hits="12" branch="false"/>
						<line number="50" hits="12" branch="true" condition-coverage="50 % (1/2)">
							<conditions>
								<condition number="0" type="jump" coverage="50 %"/>
							</conditions>
						</line>
						<line number="51" hits="0" branch="false"/>
						<line number="53" hits="12" branch="false"/>
						<line number="65" hits="6" branch="true" condition-coverage="50 % (1/2)">
							<conditions>
								<condition number="0" type="jump" coverage="50 %"/>
							</conditions>
						</line>
						<line number="66" hits="0" branch="false"/>
						<line number="68" hits="6" branch="false"/>
						<line number="69" hits="6" branch="false"/>
						<line number="70" hits="6" branch="false"/>
						<line number="71" hits="6" branch="true" condition-coverage="50 % (1/2)">
							<conditions>
								<condition number="0" type="jump" coverage="50 %"/>
							</conditions>
						</line>
						<line number="72" hits="6" branch="false"/>
						<line number="74" hits="6" branch="false"/>
						<line number="75" hits="6" branch="false"/>
						<line number="76" hits="6" branch="true" condition-coverage="50 % (1/2)">
							<conditions>
								<condition number="0" type="jump" coverage="50 %"/>
							</conditions>
						</line>
						<line number="77" hits="0" branch="false"/>
						<line number="79" hits="6" branch="false"/>
						<line number="80" hits="6" branch="false"/>
						<line number="81" hits="6" branch="false"/>
					</lines>
				</class>
			</classes>
		</package>
		<package name="fr.ybo.moteurcsv.annotation" line-rate="1.0" branch-rate="1.0" complexity="0.0">
			<classes>
				<class name="fr.ybo.moteurcsv.annotation.BaliseCsv" filename="fr/ybo/moteurcsv/annotation/BaliseCsv.java" line-rate="1.0" branch-rate="1.0" complexity="0.0">
					<methods>
					</methods>
					<lines>
					</lines>
				</class>
				<class name="fr.ybo.moteurcsv.annotation.FichierCsv" filename="fr/ybo/moteurcsv/annotation/FichierCsv.java" line-rate="1.0" branch-rate="1.0" complexity="0.0">
					<methods>
					</methods>
					<lines>
					</lines>
				</class>
			</classes>
		</package>
		<package name="fr.ybo.moteurcsv.exception" line-rate="1.0" branch-rate="1.0" complexity="1.0">
			<classes>
				<class name="fr.ybo.moteurcsv.exception.MoteurCsvException" filename="fr/ybo/moteurcsv/exception/MoteurCsvException.java" line-rate="1.0" branch-rate="1.0" complexity="1.0">
					<methods>
						<method name="&lt;init&gt;" signature="(Ljava/lang/String;)V" line-rate="1.0" branch-rate="1.0">
							<lines>
								<line number="33" hits="3" branch="false"/>
								<line number="34" hits="3" branch="false"/>
							</lines>
						</method>
						<method name="&lt;init&gt;" signature="(Ljava/lang/String;Ljava/lang/Throwable;)V" line-rate="1.0" branch-rate="1.0">
							<lines>
								<line number="43" hits="1" branch="false"/>
								<line number="44" hits="1" branch="false"/>
							</lines>
						</method>
						<method name="&lt;init&gt;" signature="(Ljava/lang/Throwable;)V" line-rate="1.0" branch-rate="1.0">
							<lines>
								<line number="51" hits="2" branch="false"/>
								<line number="52" hits="2" branch="false"/>
							</lines>
						</method>
					</methods>
					<lines>
						<line number="33" hits="3" branch="false"/>
						<line number="34" hits="3" branch="false"/>
						<line number="43" hits="1" branch="false"/>
						<line number="44" hits="1" branch="false"/>
						<line number="51" hits="2" branch="false"/>
						<line number="52" hits="2" branch="false"/>
					</lines>
				</class>
			</classes>
		</package>
		<package name="fr.ybo.moteurcsv.factory" line-rate="1.0" branch-rate="1.0" complexity="1.0">
			<classes>
				<class name="fr.ybo.moteurcsv.factory.AbstractReaderCsv" filename="fr/ybo/moteurcsv/factory/AbstractReaderCsv.java" line-rate="1.0" branch-rate="1.0" complexity="1.0">
					<methods>
						<method name="&lt;init&gt;" signature="()V" line-rate="1.0" branch-rate="1.0">
							<lines>
								<line number="28" hits="5" branch="false"/>
							</lines>
						</method>
					</methods>
					<lines>
						<line number="28" hits="5" branch="false"/>
					</lines>
				</class>
				<class name="fr.ybo.moteurcsv.factory.AbstractWriterCsv" filename="fr/ybo/moteurcsv/factory/AbstractWriterCsv.java" line-rate="1.0" branch-rate="1.0" complexity="1.0">
					<methods>
						<method name="&lt;init&gt;" signature="()V" line-rate="1.0" branch-rate="1.0">
							<lines>
								<line number="28" hits="2" branch="false"/>
							</lines>
						</method>
					</methods>
					<lines>
						<line number="28" hits="2" branch="false"/>
					</lines>
				</class>
				<class name="fr.ybo.moteurcsv.factory.DefaultGestionnaireCsvFactory" filename="fr/ybo/moteurcsv/factory/DefaultGestionnaireCsvFactory.java" line-rate="1.0" branch-rate="1.0" complexity="1.0">
					<methods>
						<method name="&lt;init&gt;" signature="()V" line-rate="1.0" branch-rate="1.0">
							<lines>
								<line number="28" hits="6" branch="false"/>
							</lines>
						</method>
						<method name="createReaderCsv" signature="(Ljava/io/Reader;C)Lfr/ybo/moteurcsv/factory/AbstractReaderCsv;" line-rate="1.0" branch-rate="1.0">
							<lines>
								<line number="40" hits="2" branch="false"/>
							</lines>
						</method>
						<method name="createWriterCsv" signature="(Ljava/io/Writer;C)Lfr/ybo/moteurcsv/factory/AbstractWriterCsv;" line-rate="1.0" branch-rate="1.0">
							<lines>
								<line number="53" hits="1" branch="false"/>
							</lines>
						</method>
					</methods>
					<lines>
						<line number="28" hits="6" branch="false"/>
						<line number="40" hits="2" branch="false"/>
						<line number="53" hits="1" branch="false"/>
					</lines>
				</class>
				<class name="fr.ybo.moteurcsv.factory.GestionnaireCsvFactory" filename="fr/ybo/moteurcsv/factory/GestionnaireCsvFactory.java" line-rate="1.0" branch-rate="1.0" complexity="1.0">
					<methods>
					</methods>
					<lines>
					</lines>
				</class>
				<class name="fr.ybo.moteurcsv.factory.ReaderOpenCsv" filename="fr/ybo/moteurcsv/factory/ReaderOpenCsv.java" line-rate="1.0" branch-rate="1.0" complexity="1.0">
					<methods>
						<method name="&lt;init&gt;" signature="(Ljava/io/Reader;C)V" line-rate="1.0" branch-rate="1.0">
							<lines>
								<line number="46" hits="2" branch="false"/>
								<line number="47" hits="2" branch="false"/>
								<line number="48" hits="2" branch="false"/>
							</lines>
						</method>
						<method name="close" signature="()V" line-rate="1.0" branch-rate="1.0">
							<lines>
								<line number="62" hits="2" branch="false"/>
								<line number="63" hits="2" branch="false"/>
							</lines>
						</method>
						<method name="readLine" signature="()[Ljava/lang/String;" line-rate="1.0" branch-rate="1.0">
							<lines>
								<line number="52" hits="18" branch="false"/>
							</lines>
						</method>
					</methods>
					<lines>
						<line number="46" hits="2" branch="false"/>
						<line number="47" hits="2" branch="false"/>
						<line number="48" hits="2" branch="false"/>
						<line number="52" hits="18" branch="false"/>
						<line number="62" hits="2" branch="false"/>
						<line number="63" hits="2" branch="false"/>
					</lines>
				</class>
				<class name="fr.ybo.moteurcsv.factory.WriterOpenCsv" filename="fr/ybo/moteurcsv/factory/WriterOpenCsv.java" line-rate="1.0" branch-rate="1.0" complexity="1.0">
					<methods>
						<method name="&lt;init&gt;" signature="(Ljava/io/Writer;C)V" line-rate="1.0" branch-rate="1.0">
							<lines>
								<line number="46" hits="1" branch="false"/>
								<line number="47" hits="1" branch="false"/>
								<line number="48" hits="1" branch="false"/>
							</lines>
						</method>
						<method name="close" signature="()V" line-rate="1.0" branch-rate="1.0">
							<lines>
								<line number="62" hits="1" branch="false"/>
								<line number="63" hits="1" branch="false"/>
							</lines>
						</method>
						<method name="writeLine" signature="(Ljava/util/List;)V" line-rate="1.0" branch-rate="1.0">
							<lines>
								<line number="52" hits="8" branch="false"/>
								<line number="53" hits="8" branch="false"/>
							</lines>
						</method>
					</methods>
					<lines>
						<line number="46" hits="1" branch="false"/>
						<line number="47" hits="1" branch="false"/>
						<line number="48" hits="1" branch="false"/>
						<line number="52" hits="8" branch="false"/>
						<line number="53" hits="8" branch="false"/>
						<line number="62" hits="1" branch="false"/>
						<line number="63" hits="1" branch="false"/>
					</lines>
				</class>
			</classes>
		</package>
		<package name="fr.ybo.moteurcsv.modele" line-rate="0.8837209302325582" branch-rate="0.8333333333333334" complexity="1.5333333333333334">
			<classes>
				<class name="fr.ybo.moteurcsv.modele.ChampCsv" filename="fr/ybo/moteurcsv/modele/ChampCsv.java" line-rate="0.8461538461538461" branch-rate="1.0" complexity="2.0">
					<methods>
						<method name="&lt;clinit&gt;" signature="()V" line-rate="1.0" branch-rate="1.0">
							<lines>
								<line number="43" hits="1" branch="false"/>
							</lines>
						</method>
						<method name="&lt;init&gt;" signature="(Ljava/lang/Class;Ljava/lang/reflect/Field;)V" line-rate="1.0" branch-rate="1.0">
							<lines>
								<line number="59" hits="36" branch="false"/>
								<line number="60" hits="36" branch="false"/>
								<line number="61" hits="36" branch="false"/>
								<line number="62" hits="36" branch="false"/>
							</lines>
						</method>
						<method name="getField" signature="()Ljava/lang/reflect/Field;" line-rate="1.0" branch-rate="1.0">
							<lines>
								<line number="68" hits="342" branch="false"/>
							</lines>
						</method>
						<method name="getNewAdapterCsv" signature="()Lfr/ybo/moteurcsv/adapter/AdapterCsv;" line-rate="0.7142857142857143" branch-rate="1.0">
							<lines>
								<line number="78" hits="108" branch="true" condition-coverage="100 % (2/2)">
									<conditions>
										<condition number="0" type="jump" coverage="100 %"/>
									</conditions>
								</line>
								<line number="80" hits="5" branch="false"/>
								<line number="81" hits="5" branch="false"/>
								<line number="82" hits="0" branch="false"/>
								<line number="83" hits="0" branch="false"/>
								<line number="84" hits="5" branch="false"/>
								<line number="86" hits="108" branch="false"/>
							</lines>
						</method>
					</methods>
					<lines>
						<line number="43" hits="1" branch="false"/>
						<line number="59" hits="36" branch="false"/>
						<line number="60" hits="36" branch="false"/>
						<line number="61" hits="36" branch="false"/>
						<line number="62" hits="36" branch="false"/>
						<line number="68" hits="342" branch="false"/>
						<line number="78" hits="108" branch="true" condition-coverage="100 % (2/2)">
							<conditions>
								<condition number="0" type="jump" coverage="100 %"/>
							</conditions>
						</line>
						<line number="80" hits="5" branch="false"/>
						<line number="81" hits="5" branch="false"/>
						<line number="82" hits="0" branch="false"/>
						<line number="83" hits="0" branch="false"/>
						<line number="84" hits="5" branch="false"/>
						<line number="86" hits="108" branch="false"/>
					</lines>
				</class>
				<class name="fr.ybo.moteurcsv.modele.ClassCsv" filename="fr/ybo/moteurcsv/modele/ClassCsv.java" line-rate="0.88" branch-rate="0.75" complexity="1.5555555555555556">
					<methods>
						<method name="&lt;init&gt;" signature="(Ljava/lang/String;Ljava/lang/Class;)V" line-rate="0.8181818181818182" branch-rate="1.0">
							<lines>
								<line number="51" hits="6" branch="false"/>
								<line number="56" hits="6" branch="false"/>
								<line number="66" hits="6" branch="false"/>
								<line number="67" hits="6" branch="false"/>
								<line number="68" hits="6" branch="false"/>
								<line number="70" hits="6" branch="false"/>
								<line number="71" hits="0" branch="false"/>
								<line number="72" hits="0" branch="false"/>
								<line number="73" hits="6" branch="false"/>
								<line number="74" hits="6" branch="false"/>
								<line number="111" hits="6" branch="false"/>
							</lines>
						</method>
						<method name="getChampCsv" signature="(Ljava/lang/String;)Lfr/ybo/moteurcsv/modele/ChampCsv;" line-rate="1.0" branch-rate="1.0">
							<lines>
								<line number="84" hits="114" branch="false"/>
							</lines>
						</method>
						<method name="getClazz" signature="()Ljava/lang/Class;" line-rate="1.0" branch-rate="1.0">
							<lines>
								<line number="98" hits="1" branch="false"/>
							</lines>
						</method>
						<method name="getContructeur" signature="()Ljava/lang/reflect/Constructor;" line-rate="1.0" branch-rate="1.0">
							<lines>
								<line number="105" hits="14" branch="false"/>
							</lines>
						</method>
						<method name="getNomChamps" signature="()Ljava/lang/Iterable;" line-rate="1.0" branch-rate="1.0">
							<lines>
								<line number="91" hits="2" branch="false"/>
							</lines>
						</method>
						<method name="getOrdre" signature="(Ljava/lang/String;)I" line-rate="1.0" branch-rate="1.0">
							<lines>
								<line number="157" hits="56" branch="false"/>
							</lines>
						</method>
						<method name="getSeparateurWithoutEscape" signature="()C" line-rate="0.8" branch-rate="0.75">
							<lines>
								<line number="117" hits="7" branch="true" condition-coverage="100 % (2/2)">
									<conditions>
										<condition number="0" type="jump" coverage="100 %"/>
									</conditions>
								</line>
								<line number="118" hits="5" branch="false"/>
								<line number="120" hits="7" branch="true" condition-coverage="50 % (1/2)">
									<conditions>
										<condition number="0" type="jump" coverage="50 %"/>
									</conditions>
								</line>
								<line number="121" hits="0" branch="false"/>
								<line number="123" hits="7" branch="false"/>
							</lines>
						</method>
						<method name="putOrdre" signature="(Ljava/lang/String;I)V" line-rate="1.0" branch-rate="1.0">
							<lines>
								<line number="146" hits="36" branch="false"/>
								<line number="147" hits="36" branch="false"/>
							</lines>
						</method>
						<method name="setChampCsv" signature="(Ljava/lang/String;Lfr/ybo/moteurcsv/modele/ChampCsv;)V" line-rate="1.0" branch-rate="1.0">
							<lines>
								<line number="134" hits="36" branch="false"/>
								<line number="135" hits="36" branch="false"/>
							</lines>
						</method>
					</methods>
					<lines>
						<line number="51" hits="6" branch="false"/>
						<line number="56" hits="6" branch="false"/>
						<line number="66" hits="6" branch="false"/>
						<line number="67" hits="6" branch="false"/>
						<line number="68" hits="6" branch="false"/>
						<line number="70" hits="6" branch="false"/>
						<line number="71" hits="0" branch="false"/>
						<line number="72" hits="0" branch="false"/>
						<line number="73" hits="6" branch="false"/>
						<line number="74" hits="6" branch="false"/>
						<line number="84" hits="114" branch="false"/>
						<line number="91" hits="2" branch="false"/>
						<line number="98" hits="1" branch="false"/>
						<line number="105" hits="14" branch="false"/>
						<line number="111" hits="6" branch="false"/>
						<line number="117" hits="7" branch="true" condition-coverage="100 % (2/2)">
							<conditions>
								<condition number="0" type="jump" coverage="100 %"/>
							</conditions>
						</line>
						<line number="118" hits="5" branch="false"/>
						<line number="120" hits="7" branch="true" condition-coverage="50 % (1/2)">
							<conditions>
								<condition number="0" type="jump" coverage="50 %"/>
							</conditions>
						</line>
						<line number="121" hits="0" branch="false"/>
						<line number="123" hits="7" branch="false"/>
						<line number="134" hits="36" branch="false"/>
						<line number="135" hits="36" branch="false"/>
						<line number="146" hits="36" branch="false"/>
						<line number="147" hits="36" branch="false"/>
						<line number="157" hits="56" branch="false"/>
					</lines>
				</class>
				<class name="fr.ybo.moteurcsv.modele.InsertInList" filename="fr/ybo/moteurcsv/modele/InsertInList.java" line-rate="1.0" branch-rate="1.0" complexity="1.0">
					<methods>
						<method name="&lt;init&gt;" signature="(Ljava/util/List;)V" line-rate="1.0" branch-rate="1.0">
							<lines>
								<line number="42" hits="3" branch="false"/>
								<line number="43" hits="3" branch="false"/>
								<line number="44" hits="3" branch="false"/>
							</lines>
						</method>
						<method name="insertObject" signature="(Ljava/lang/Object;)V" line-rate="1.0" branch-rate="1.0">
							<lines>
								<line number="53" hits="14" branch="false"/>
								<line number="54" hits="14" branch="false"/>
							</lines>
						</method>
					</methods>
					<lines>
						<line number="42" hits="3" branch="false"/>
						<line number="43" hits="3" branch="false"/>
						<line number="44" hits="3" branch="false"/>
						<line number="53" hits="14" branch="false"/>
						<line number="54" hits="14" branch="false"/>
					</lines>
				</class>
				<class name="fr.ybo.moteurcsv.modele.InsertObject" filename="fr/ybo/moteurcsv/modele/InsertObject.java" line-rate="1.0" branch-rate="1.0" complexity="1.0">
					<methods>
					</methods>
					<lines>
					</lines>
				</class>
			</classes>
		</package>
	</packages>
</coverage>
